2023-11-19T22:01:25.990Z In(05) vmx Log for vmrun pid=49665 version=1.17.0 build=build-22583790 option=Release
2023-11-19T22:01:25.990Z In(05) vmx The host is 64-bit Arm.
2023-11-19T22:01:25.990Z In(05) vmx Host codepage=UTF-8 encoding=UTF-8
2023-11-19T22:01:25.990Z In(05) vmx Host is macOS 14.0 (23A344) Darwin 23.0.0
2023-11-19T22:01:25.990Z In(05) vmx Host offset from UTC is -08:00.
2023-11-19T22:01:25.986Z In(05) vmx VTHREAD 7915606784 "vmx" tid 6584223
2023-11-19T22:01:25.987Z In(05) vmx Msg_SetLocaleEx: HostLocale=UTF-8 UserLocale=en
2023-11-19T22:01:25.987Z In(05) vmx DictionaryLoad: Cannot open file "/Applications/VMware Fusion.app/Contents/Library/messages/en/vmware.vmsg": No such file or directory.
2023-11-19T22:01:25.987Z In(05) vmx DictionaryLoad: Cannot open file "/Library/Preferences/VMware Fusion/config": No such file or directory.
2023-11-19T22:01:25.987Z In(05) vmx Msg_Reset:
2023-11-19T22:01:25.987Z In(05) vmx [msg.dictionary.load.openFailed] Cannot open file "/Library/Preferences/VMware Fusion/config": No such file or directory.
2023-11-19T22:01:25.987Z In(05) vmx ----------------------------------------
2023-11-19T22:01:25.987Z In(05) vmx ConfigDB: Failed to load /Library/Preferences/VMware Fusion/config
2023-11-19T22:01:25.987Z In(05) vmx DictionaryLoad: Cannot open file "/dev/null/Non-existing DEFAULT_LIBDIRECTORY/config": Not a directory.
2023-11-19T22:01:25.987Z In(05) vmx Msg_Reset:
2023-11-19T22:01:25.987Z In(05) vmx [msg.dictionary.load.openFailed] Cannot open file "/dev/null/Non-existing DEFAULT_LIBDIRECTORY/config": Not a directory.
2023-11-19T22:01:25.987Z In(05) vmx ----------------------------------------
2023-11-19T22:01:25.987Z In(05) vmx ConfigDB: Failed to load /dev/null/Non-existing DEFAULT_LIBDIRECTORY/config
2023-11-19T22:01:25.987Z In(05) vmx DictionaryLoad: Cannot open file "/dev/null/Non-existing DEFAULT_LIBDIRECTORY/settings": Not a directory.
2023-11-19T22:01:25.987Z In(05) vmx Msg_Reset:
2023-11-19T22:01:25.987Z In(05) vmx [msg.dictionary.load.openFailed] Cannot open file "/dev/null/Non-existing DEFAULT_LIBDIRECTORY/settings": Not a directory.
2023-11-19T22:01:25.987Z In(05) vmx ----------------------------------------
2023-11-19T22:01:25.987Z In(05) vmx ConfigDB: Failed to load /dev/null/Non-existing DEFAULT_LIBDIRECTORY/settings
2023-11-19T22:01:25.987Z In(05) vmx DictionaryLoad: Cannot open file "/Users/bensathis/Library/Preferences/VMware Fusion/config": No such file or directory.
2023-11-19T22:01:25.987Z In(05) vmx Msg_Reset:
2023-11-19T22:01:25.987Z In(05) vmx [msg.dictionary.load.openFailed] Cannot open file "/Users/bensathis/Library/Preferences/VMware Fusion/config": No such file or directory.
2023-11-19T22:01:25.987Z In(05) vmx ----------------------------------------
2023-11-19T22:01:25.987Z In(05) vmx ConfigDB: Failed to load ~/Library/Preferences/VMware Fusion/config
2023-11-19T22:01:25.988Z In(05) vmx OBJLIB-LIB: Objlib initialized.
2023-11-19T22:01:25.988Z In(05) vmx DictionaryLoad: Cannot open file "/Library/Preferences/VMware Fusion/config": No such file or directory.
2023-11-19T22:01:25.988Z In(05) vmx [msg.dictionary.load.openFailed] Cannot open file "/Library/Preferences/VMware Fusion/config": No such file or directory.
2023-11-19T22:01:25.988Z In(05) vmx PREF Optional preferences file not found at /Library/Preferences/VMware Fusion/config. Using default values.
2023-11-19T22:01:25.988Z In(05) vmx DictionaryLoad: Cannot open file "/Applications/VMware Fusion.app/Contents/Library/settings": No such file or directory.
2023-11-19T22:01:25.988Z In(05) vmx [msg.dictionary.load.openFailed] Cannot open file "/Applications/VMware Fusion.app/Contents/Library/settings": No such file or directory.
2023-11-19T22:01:25.988Z In(05) vmx PREF Optional preferences file not found at /Applications/VMware Fusion.app/Contents/Library/settings. Using default values.
2023-11-19T22:01:25.988Z In(05) vmx DictionaryLoad: Cannot open file "/Applications/VMware Fusion.app/Contents/Library/config": No such file or directory.
2023-11-19T22:01:25.988Z In(05) vmx [msg.dictionary.load.openFailed] Cannot open file "/Applications/VMware Fusion.app/Contents/Library/config": No such file or directory.
2023-11-19T22:01:25.988Z In(05) vmx PREF Optional preferences file not found at /Applications/VMware Fusion.app/Contents/Library/config. Using default values.
2023-11-19T22:01:25.988Z In(05) vmx DictionaryLoad: Cannot open file "/Users/bensathis/Library/Preferences/VMware Fusion/config": No such file or directory.
2023-11-19T22:01:25.988Z In(05) vmx [msg.dictionary.load.openFailed] Cannot open file "/Users/bensathis/Library/Preferences/VMware Fusion/config": No such file or directory.
2023-11-19T22:01:25.988Z In(05) vmx PREF Optional preferences file not found at /Users/bensathis/Library/Preferences/VMware Fusion/config. Using default values.
2023-11-19T22:01:25.990Z In(05) vmx lib/ssl: OpenSSL using default provider
2023-11-19T22:01:25.990Z In(05) vmx lib/ssl: Client usage
2023-11-19T22:01:25.990Z In(05) vmx lib/ssl: protocol list tls1.2
2023-11-19T22:01:25.990Z In(05) vmx lib/ssl: protocol min 0x303 max 0x303
2023-11-19T22:01:25.990Z In(05) vmx lib/ssl: protocol list tls1.2 (openssl flags 0x36000000)
2023-11-19T22:01:25.990Z In(05) vmx lib/ssl: cipher list ECDHE+AESGCM:RSA+AESGCM:ECDHE+AES:RSA+AES
2023-11-19T22:01:25.990Z In(05) vmx lib/ssl: cipher suites TLS_AES_128_GCM_SHA256:TLS_AES_256_GCM_SHA384
2023-11-19T22:01:25.990Z In(05) vmx lib/ssl: curves list prime256v1:secp384r1:secp521r1
2023-11-19T22:01:25.990Z In(05) vmx lib/ssl: Server usage
2023-11-19T22:01:25.990Z In(05) vmx lib/ssl: protocol list tls1.2
2023-11-19T22:01:25.990Z In(05) vmx lib/ssl: protocol min 0x303 max 0x303
2023-11-19T22:01:25.990Z In(05) vmx lib/ssl: protocol list tls1.2 (openssl flags 0x36000000)
2023-11-19T22:01:25.990Z In(05) vmx lib/ssl: cipher list ECDHE+AESGCM:RSA+AESGCM:ECDHE+AES:RSA+AES
2023-11-19T22:01:25.990Z In(05) vmx lib/ssl: cipher suites TLS_AES_128_GCM_SHA256:TLS_AES_256_GCM_SHA384
2023-11-19T22:01:25.990Z In(05) vmx lib/ssl: curves list prime256v1:secp384r1:secp521r1
2023-11-19T22:01:25.992Z In(05) vmx Hostname=Bens-MacBook-Pro.local
2023-11-19T22:01:25.992Z In(05) vmx IP=127.0.0.1 (lo0)
2023-11-19T22:01:25.992Z In(05) vmx IP=::1 (lo0)
2023-11-19T22:01:25.992Z In(05) vmx IP=fe80::1 (lo0)
2023-11-19T22:01:25.992Z In(05) vmx IP=fe80::6c7e:67ff:fecc:83ca (ap1)
2023-11-19T22:01:25.992Z In(05) vmx IP=fe80::18f6:59e3:c893:6ac8 (en0)
2023-11-19T22:01:25.992Z In(05) vmx IP=192.168.16.10 (en0)
2023-11-19T22:01:25.992Z In(05) vmx IP=fe80::4c46:86ff:fe19:94ce (awdl0)
2023-11-19T22:01:25.992Z In(05) vmx IP=fe80::4c46:86ff:fe19:94ce (llw0)
2023-11-19T22:01:25.992Z In(05) vmx IP=fe80::a18e:e70:8fd1:3a8a (utun0)
2023-11-19T22:01:25.992Z In(05) vmx IP=fe80::f0b:7b64:3f10:7523 (utun1)
2023-11-19T22:01:25.992Z In(05) vmx IP=fe80::ce81:b1c:bd2c:69e (utun2)
2023-11-19T22:01:25.992Z In(05) vmx IP=fe80::af82:4708:1cd0:11af (utun3)
2023-11-19T22:01:25.992Z In(05) vmx IP=fe80::b0dd:740:7a04:d37f (utun4)
2023-11-19T22:01:25.992Z In(05) vmx IP=fe80::82c0:6f66:340:9891 (utun6)
2023-11-19T22:01:25.992Z In(05) vmx IP=fe80::ace:4844:9b6d:c5dd (utun7)
2023-11-19T22:01:25.992Z In(05) vmx IP=fe80::d261:90b0:803c:d685 (utun8)
2023-11-19T22:01:25.992Z In(05) vmx IP=fe80::93c1:d848:ba4d:e327 (utun9)
2023-11-19T22:01:25.992Z In(05) vmx IP=fe80::6a31:c4d2:2a15:544f (utun10)
2023-11-19T22:01:25.992Z In(05) vmx IP=fe80::d58a:ddad:9d42:a984 (utun11)
2023-11-19T22:01:25.992Z In(05) vmx IP=172.16.160.1 (bridge100)
2023-11-19T22:01:25.992Z In(05) vmx IP=fe80::6c7e:67ff:fecc:f264 (bridge100)
2023-11-19T22:01:25.992Z In(05) vmx IP=172.16.180.1 (bridge101)
2023-11-19T22:01:25.992Z In(05) vmx IP=fe80::6c7e:67ff:fecc:f265 (bridge101)
2023-11-19T22:01:25.992Z In(05) vmx System uptime 258954088262 us
2023-11-19T22:01:25.992Z In(05) vmx Command line: "/Applications/VMware Fusion.app/Contents/Library/vmware-vmx" "-s" "vmx.noUIBuildNumberCheck=TRUE" "-#" "product=1;name=vmrun;version=1.17.0;buildnumber=22583790;licensename=VMware Fusion for Mac OS;licenseversion=13.0;" "-@" "duplex=3;msgs=ui" "/Users/bensathis/git/X408_L5/problem_4/.vagrant/machines/default/vmware_desktop/8133e291-419e-4c82-a55f-6882ca77efa2/ubuntu-18.04-amd64.vmx"
2023-11-19T22:01:25.992Z In(05) vmx Msg_SetLocaleEx: HostLocale=UTF-8 UserLocale=en
2023-11-19T22:01:25.992Z In(05) vmx DictionaryLoad: Cannot open file "/Applications/VMware Fusion.app/Contents/Library/messages/en/vmware.vmsg": No such file or directory.
2023-11-19T22:01:26.049Z In(05) vmx Duplex socket: 3
2023-11-19T22:01:26.060Z In(05) vmx WQPoolAllocPoll : pollIx = 1, signalHandle = 16
2023-11-19T22:01:26.060Z In(05) vmx WQPoolAllocPoll : pollIx = 2, signalHandle = 19
2023-11-19T22:01:26.061Z In(05) vmx VigorTransport listening on fd 20
2023-11-19T22:01:26.061Z In(05) vmx Vigor_Init 1
2023-11-19T22:01:26.061Z In(05) vmx Connecting 'ui' to fd '3' with user '(null)'
2023-11-19T22:01:26.061Z In(05) vmx VmdbAddConnection: cnxPath=/db/connection/#1/, cnxIx=1
2023-11-19T22:01:26.061Z In(05) vmx /Users/bensathis/git/X408_L5/problem_4/.vagrant/machines/default/vmware_desktop/8133e291-419e-4c82-a55f-6882ca77efa2/ubuntu-18.04-amd64.vmx: Setup symlink /var/run/vmware/6d25e38730e9b745e9ccd01e9fc77b1b096875fcaa35f9e2e6979f3b7292e053 -> /var/run/vmware/501/258954145384_49665
2023-11-19T22:01:26.061Z In(05) vmx Vix: [mainDispatch.c:488]: VMAutomation: Initializing VMAutomation.
2023-11-19T22:01:26.061Z In(05) vmx Vix: [mainDispatch.c:740]: VMAutomationOpenListenerSocket() listening
2023-11-19T22:01:26.064Z In(05) vmx Vix: [mainDispatch.c:4212]: VMAutomation_ReportPowerOpFinished: statevar=0, newAppState=1870, success=1 additionalError=0
2023-11-19T22:01:26.064Z In(05) vmx Transitioned vmx/execState/val to poweredOff
2023-11-19T22:01:26.064Z In(05) vmx Vix: [mainDispatch.c:4212]: VMAutomation_ReportPowerOpFinished: statevar=1, newAppState=1873, success=1 additionalError=0
2023-11-19T22:01:26.064Z In(05) vmx Vix: [mainDispatch.c:4212]: VMAutomation_ReportPowerOpFinished: statevar=2, newAppState=1877, success=1 additionalError=0
2023-11-19T22:01:26.064Z In(05) vmx Vix: [mainDispatch.c:4212]: VMAutomation_ReportPowerOpFinished: statevar=3, newAppState=1881, success=1 additionalError=0
2023-11-19T22:01:26.067Z In(05) vmx Services_Init: Successfully opened the services.
2023-11-19T22:01:26.067Z In(05) vmx FeatureCompat: No EVC masks.
2023-11-19T22:01:26.068Z In(05) vmx UTIL: Change file descriptor limit from soft 256,hard 4294967295 to soft 8192,hard 4294967295.
2023-11-19T22:01:26.068Z In(05) vmx Using 24000000 Hz
2023-11-19T22:01:26.068Z In(05) vmx PTSC: RefClockToPTSC 0 @ 24000000Hz -> 0 @ 24000000Hz
2023-11-19T22:01:26.068Z In(05) vmx PTSC: RefClockToPTSC ((x * 2147483648) >> 31) + 0
2023-11-19T22:01:26.068Z In(05) vmx PTSC: tscOffset 0
2023-11-19T22:01:26.068Z In(05) vmx PTSC: using user-level reference clock
2023-11-19T22:01:26.068Z In(05) vmx PTSC: hardware TSCs are synchronized.
2023-11-19T22:01:26.068Z In(05) vmx PTSC: current PTSC=6214899939200
2023-11-19T22:01:26.068Z In(05) vmx WQPoolAllocPoll : pollIx = 3, signalHandle = 26
2023-11-19T22:01:26.068Z In(05) vmx Current Display Settings:
2023-11-19T22:01:26.069Z In(05) vmx    Display: 0 size: 1512x982 pixelSize: 3024x1964 position: (0, 0) Primary
2023-11-19T22:01:26.069Z In(05) vmx [100E8C000-101D04000): /Applications/VMware Fusion.app/Contents/Library/vmware-vmx
2023-11-19T22:01:26.080Z In(05) vmx ConfigCheck: No rules file found. Checks are disabled.
2023-11-19T22:01:26.080Z In(05) vmx changing directory to /Users/bensathis/git/X408_L5/problem_4/.vagrant/machines/default/vmware_desktop/8133e291-419e-4c82-a55f-6882ca77efa2/.
2023-11-19T22:01:26.080Z In(05) vmx Config file: /Users/bensathis/git/X408_L5/problem_4/.vagrant/machines/default/vmware_desktop/8133e291-419e-4c82-a55f-6882ca77efa2/ubuntu-18.04-amd64.vmx
2023-11-19T22:01:26.080Z In(05) vmx Vix: [mainDispatch.c:4212]: VMAutomation_ReportPowerOpFinished: statevar=1, newAppState=1873, success=1 additionalError=0
2023-11-19T22:01:26.080Z In(05) vmx Vix: [mainDispatch.c:4212]: VMAutomation_ReportPowerOpFinished: statevar=2, newAppState=1878, success=1 additionalError=0
2023-11-19T22:01:26.080Z In(05) vmx LogRotation: Rotating to a new log file (keepOld 3) took 0.000093 seconds.
2023-11-19T22:01:26.080Z No(00) vmx LogVMXReplace: Successful switching from temporary to permanent log file took 0.000320 seconds.
2023-11-19T22:01:26.082Z No(00) vmx ConfigDB: Setting RemoteDisplay.vnc.key = <not printed>
2023-11-19T22:01:26.088Z In(05) vmx VMXVmdbCbVmVmxExecState: Exec state change requested to state poweredOn without reset, default, softOptionTimeout: 0.
2023-11-19T22:01:26.088Z In(05) vmx Tools: sending 'OS_PowerOn' (state = 3) state change request
2023-11-19T22:01:26.088Z In(05) vmx Tools: Delaying state change request to state 3.
2023-11-19T22:01:26.088Z Wa(03) vmx PowerOn
2023-11-19T22:01:26.088Z In(05) vmx VMX_PowerOn: VMX build 22583790, UI build 22583790
2023-11-19T22:01:26.088Z In(05) vmx Processor affinity not supported on this host OS
2023-11-19T22:01:26.089Z No(00) vmx ConfigDB: Setting RemoteDisplay.vnc.key = <not printed>
2023-11-19T22:01:26.091Z In(05) vmx Vix: [mainDispatch.c:4212]: VMAutomation_ReportPowerOpFinished: statevar=0, newAppState=1871, success=1 additionalError=0
2023-11-19T22:01:26.091Z In(05) vmx VMXSTATS: Successfully created stats file 'ubuntu-18.04-amd64.scoreboard'
2023-11-19T22:01:26.091Z In(05) vmx VMXSTATS: Update Product Information: vmrun	1.17.0	build-22583790	Release  TotalBlockSize: 40
2023-11-19T22:01:26.091Z In(05) vmx HOST sysname Darwin, nodename Bens-MacBook-Pro.local, release 23.0.0, version Darwin Kernel Version 23.0.0: Fri Sep 15 14:43:05 PDT 2023; root:xnu-10002.1.13~1/RELEASE_ARM64_T6020, machine arm64
2023-11-19T22:01:26.091Z In(05) vmx DICT --- GLOBAL SETTINGS /Applications/VMware Fusion.app/Contents/Library/settings
2023-11-19T22:01:26.091Z In(05) vmx DICT --- NON PERSISTENT (null)
2023-11-19T22:01:26.091Z In(05) vmx DICT --- USER PREFERENCES /Users/bensathis/Library/Preferences/VMware Fusion/preferences
2023-11-19T22:01:26.091Z In(05) vmx DICT pref.dataCollectionEnabled.epoch = ""
2023-11-19T22:01:26.091Z In(05) vmx DICT pref.dataCollectionEnabled = "TRUE"
2023-11-19T22:01:26.091Z In(05) vmx DICT pref.keyboardAndMouse.vmHotKey.enabled = "FALSE"
2023-11-19T22:01:26.091Z In(05) vmx DICT pref.keyboardAndMouse.vmHotKey.count = "0"
2023-11-19T22:01:26.091Z In(05) vmx DICT   pref.lastUpdateCheckSec = "1700429836"
2023-11-19T22:01:26.091Z In(05) vmx DICT pref.keyboardAndMouse.defaultProfileKey = "5230d14f-7314-2778-5bba-c2fb38ee1e3e"
2023-11-19T22:01:26.091Z In(05) vmx DICT pref.keyboardAndMouse.maxProfiles = "4"
2023-11-19T22:01:26.091Z In(05) vmx DICT pref.keyboardAndMouse.profile0.profileKey = "5220d8cd-83fc-ca89-37ab-93890a636514"
2023-11-19T22:01:26.091Z In(05) vmx DICT pref.keyboardAndMouse.profile0.profileName = "Mac Profile"
2023-11-19T22:01:26.091Z In(05) vmx DICT pref.keyboardAndMouse.profile0.profileType = "mac"
2023-11-19T22:01:26.091Z In(05) vmx DICT pref.keyboardAndMouse.profile0.enableOSShortcuts = "FALSE"
2023-11-19T22:01:26.091Z In(05) vmx DICT pref.keyboardAndMouse.profile0.enableKeyMappings = "TRUE"
2023-11-19T22:01:26.091Z In(05) vmx DICT pref.keyboardAndMouse.profile0.languageSpecificKeyMappingsEnabled = "FALSE"
2023-11-19T22:01:26.091Z In(05) vmx DICT pref.keyboardAndMouse.profile0.selectedLanguage = ""
2023-11-19T22:01:26.091Z In(05) vmx DICT pref.keyboardAndMouse.profile0.cmdKeyFilterType = "none"
2023-11-19T22:01:26.091Z In(05) vmx DICT pref.keyboardAndMouse.profile0.maxMappings = "14"
2023-11-19T22:01:26.091Z In(05) vmx DICT pref.keyboardAndMouse.profile0.mapping0.mappingKey = "0"
2023-11-19T22:01:26.091Z In(05) vmx DICT pref.keyboardAndMouse.profile0.mapping0.enabled = "FALSE"
2023-11-19T22:01:26.091Z In(05) vmx DICT pref.keyboardAndMouse.profile0.mapping0.fromHost = "Mouse1 Control"
2023-11-19T22:01:26.091Z In(05) vmx DICT pref.keyboardAndMouse.profile0.mapping0.toGuest = "Mouse2"
2023-11-19T22:01:26.091Z In(05) vmx DICT pref.keyboardAndMouse.profile0.mapping1.mappingKey = "1"
2023-11-19T22:01:26.091Z In(05) vmx DICT pref.keyboardAndMouse.profile0.mapping1.enabled = "FALSE"
2023-11-19T22:01:26.091Z In(05) vmx DICT pref.keyboardAndMouse.profile0.mapping1.fromHost = "Mouse1 GUI"
2023-11-19T22:01:26.091Z In(05) vmx DICT pref.keyboardAndMouse.profile0.mapping1.toGuest = "Mouse3"
2023-11-19T22:01:26.091Z In(05) vmx DICT pref.keyboardAndMouse.profile0.mapping2.mappingKey = "2"
2023-11-19T22:01:26.091Z In(05) vmx DICT pref.keyboardAndMouse.profile0.mapping2.enabled = "TRUE"
2023-11-19T22:01:26.091Z In(05) vmx DICT pref.keyboardAndMouse.profile0.mapping2.fromHost = "GUI CONTROL"
2023-11-19T22:01:26.091Z In(05) vmx DICT pref.keyboardAndMouse.profile0.mapping2.toGuest = "Ungrab"
2023-11-19T22:01:26.091Z In(05) vmx DICT pref.keyboardAndMouse.profile0.mapping3.mappingKey = "3"
2023-11-19T22:01:26.091Z In(05) vmx DICT pref.keyboardAndMouse.profile0.mapping3.enabled = "TRUE"
2023-11-19T22:01:26.091Z In(05) vmx DICT pref.keyboardAndMouse.profile0.mapping3.fromHost = "GUI CONTROL F"
2023-11-19T22:01:26.091Z In(05) vmx DICT pref.keyboardAndMouse.profile0.mapping3.toGuest = "Fullscreen"
2023-11-19T22:01:26.091Z In(05) vmx DICT pref.keyboardAndMouse.profile0.mapping4.mappingKey = "4"
2023-11-19T22:01:26.091Z In(05) vmx DICT pref.keyboardAndMouse.profile0.mapping4.enabled = "FALSE"
2023-11-19T22:01:26.091Z In(05) vmx DICT pref.keyboardAndMouse.profile0.mapping4.fromHost = "GUI CONTROL U"
2023-11-19T22:01:26.091Z In(05) vmx DICT pref.keyboardAndMouse.profile0.mapping4.toGuest = "Unity"
2023-11-19T22:01:26.091Z In(05) vmx DICT pref.keyboardAndMouse.profile0.mapping5.mappingKey = "5"
2023-11-19T22:01:26.091Z In(05) vmx DICT pref.keyboardAndMouse.profile0.mapping5.enabled = "FALSE"
2023-11-19T22:01:26.091Z In(05) vmx DICT pref.keyboardAndMouse.profile0.mapping5.fromHost = "GUI SHIFT U"
2023-11-19T22:01:26.091Z In(05) vmx DICT pref.keyboardAndMouse.profile0.mapping5.toGuest = "Unity"
2023-11-19T22:01:26.091Z In(05) vmx DICT pref.keyboardAndMouse.profile0.mapping6.mappingKey = "6"
2023-11-19T22:01:26.091Z In(05) vmx DICT pref.keyboardAndMouse.profile0.mapping6.enabled = "TRUE"
2023-11-19T22:01:26.091Z In(05) vmx DICT pref.keyboardAndMouse.profile0.mapping6.fromHost = "GUI CONTROL S"
2023-11-19T22:01:26.091Z In(05) vmx DICT pref.keyboardAndMouse.profile0.mapping6.toGuest = "SingleWindow"
2023-11-19T22:01:26.091Z In(05) vmx DICT pref.keyboardAndMouse.profile0.mapping7.mappingKey = "7"
2023-11-19T22:01:26.091Z In(05) vmx DICT pref.keyboardAndMouse.profile0.mapping7.enabled = "FALSE"
2023-11-19T22:01:26.091Z In(05) vmx DICT pref.keyboardAndMouse.profile0.mapping7.fromHost = "GUI 0x029"
2023-11-19T22:01:26.091Z In(05) vmx DICT pref.keyboardAndMouse.profile0.mapping7.toGuest = "CycleWindow"
2023-11-19T22:01:26.091Z In(05) vmx DICT pref.keyboardAndMouse.profile0.mapping8.mappingKey = "8"
2023-11-19T22:01:26.091Z In(05) vmx DICT pref.keyboardAndMouse.profile0.mapping8.enabled = "FALSE"
2023-11-19T22:01:26.091Z In(05) vmx DICT pref.keyboardAndMouse.profile0.mapping8.fromHost = "GUI SHIFT 0x029"
2023-11-19T22:01:26.091Z In(05) vmx DICT pref.keyboardAndMouse.profile0.mapping8.toGuest = "CycleWindowReverse"
2023-11-19T22:01:26.091Z In(05) vmx DICT pref.keyboardAndMouse.profile0.mapping9.mappingKey = "9"
2023-11-19T22:01:26.091Z In(05) vmx DICT pref.keyboardAndMouse.profile0.mapping9.enabled = "FALSE"
2023-11-19T22:01:26.091Z In(05) vmx DICT pref.keyboardAndMouse.profile0.mapping9.fromHost = "GUI H"
2023-11-19T22:01:26.091Z In(05) vmx DICT pref.keyboardAndMouse.profile0.mapping9.toGuest = "HideApplication"
2023-11-19T22:01:26.091Z In(05) vmx DICT pref.keyboardAndMouse.profile0.mapping10.mappingKey = "10"
2023-11-19T22:01:26.091Z In(05) vmx DICT pref.keyboardAndMouse.profile0.mapping10.enabled = "FALSE"
2023-11-19T22:01:26.091Z In(05) vmx DICT pref.keyboardAndMouse.profile0.mapping10.fromHost = "GUI M"
2023-11-19T22:01:26.091Z In(05) vmx DICT pref.keyboardAndMouse.profile0.mapping10.toGuest = "MinimizeWindow"
2023-11-19T22:01:26.091Z In(05) vmx DICT pref.keyboardAndMouse.profile0.mapping11.mappingKey = "11"
2023-11-19T22:01:26.091Z In(05) vmx DICT pref.keyboardAndMouse.profile0.mapping11.enabled = "FALSE"
2023-11-19T22:01:26.091Z In(05) vmx DICT pref.keyboardAndMouse.profile0.mapping11.fromHost = "GUI Q"
2023-11-19T22:01:26.091Z In(05) vmx DICT pref.keyboardAndMouse.profile0.mapping11.toGuest = "Quit"
2023-11-19T22:01:26.091Z In(05) vmx DICT pref.keyboardAndMouse.profile0.mapping12.mappingKey = "12"
2023-11-19T22:01:26.091Z In(05) vmx DICT pref.keyboardAndMouse.profile0.mapping12.enabled = "TRUE"
2023-11-19T22:01:26.091Z In(05) vmx DICT pref.keyboardAndMouse.profile0.mapping12.fromHost = "GUI SHIFT M"
2023-11-19T22:01:26.091Z In(05) vmx DICT pref.keyboardAndMouse.profile0.mapping12.toGuest = "ToggleHideMenu"
2023-11-19T22:01:26.091Z In(05) vmx DICT pref.keyboardAndMouse.profile0.mapping13.mappingKey = "13"
2023-11-19T22:01:26.091Z In(05) vmx DICT pref.keyboardAndMouse.profile0.mapping13.enabled = "FALSE"
2023-11-19T22:01:26.091Z In(05) vmx DICT pref.keyboardAndMouse.profile0.mapping13.fromHost = "GUI E"
2023-11-19T22:01:26.091Z In(05) vmx DICT pref.keyboardAndMouse.profile0.mapping13.toGuest = "Settings"
2023-11-19T22:01:26.091Z In(05) vmx DICT pref.keyboardAndMouse.profile1.profileKey = "5230d14f-7314-2778-5bba-c2fb38ee1e3e"
2023-11-19T22:01:26.091Z In(05) vmx DICT pref.keyboardAndMouse.profile1.profileName = "Profile"
2023-11-19T22:01:26.091Z In(05) vmx DICT pref.keyboardAndMouse.profile1.profileType = "standard"
2023-11-19T22:01:26.091Z In(05) vmx DICT pref.keyboardAndMouse.profile1.enableOSShortcuts = "TRUE"
2023-11-19T22:01:26.091Z In(05) vmx DICT pref.keyboardAndMouse.profile1.enableKeyMappings = "TRUE"
2023-11-19T22:01:26.091Z In(05) vmx DICT pref.keyboardAndMouse.profile1.languageSpecificKeyMappingsEnabled = "TRUE"
2023-11-19T22:01:26.091Z In(05) vmx DICT pref.keyboardAndMouse.profile1.selectedLanguage = ""
2023-11-19T22:01:26.091Z In(05) vmx DICT pref.keyboardAndMouse.profile1.cmdKeyFilterType = "none"
2023-11-19T22:01:26.091Z In(05) vmx DICT pref.keyboardAndMouse.profile1.maxMappings = "25"
2023-11-19T22:01:26.091Z In(05) vmx DICT pref.keyboardAndMouse.profile1.mapping0.mappingKey = "0"
2023-11-19T22:01:26.091Z In(05) vmx DICT pref.keyboardAndMouse.profile1.mapping0.enabled = "TRUE"
2023-11-19T22:01:26.091Z In(05) vmx DICT pref.keyboardAndMouse.profile1.mapping0.fromHost = "GUI Z"
2023-11-19T22:01:26.091Z In(05) vmx DICT pref.keyboardAndMouse.profile1.mapping0.toGuest = "CONTROL Z"
2023-11-19T22:01:26.091Z In(05) vmx DICT pref.keyboardAndMouse.profile1.mapping1.mappingKey = "1"
2023-11-19T22:01:26.091Z In(05) vmx DICT pref.keyboardAndMouse.profile1.mapping1.enabled = "TRUE"
2023-11-19T22:01:26.091Z In(05) vmx DICT pref.keyboardAndMouse.profile1.mapping1.fromHost = "GUI X"
2023-11-19T22:01:26.091Z In(05) vmx DICT pref.keyboardAndMouse.profile1.mapping1.toGuest = "CONTROL X"
2023-11-19T22:01:26.091Z In(05) vmx DICT pref.keyboardAndMouse.profile1.mapping2.mappingKey = "2"
2023-11-19T22:01:26.091Z In(05) vmx DICT pref.keyboardAndMouse.profile1.mapping2.enabled = "TRUE"
2023-11-19T22:01:26.091Z In(05) vmx DICT pref.keyboardAndMouse.profile1.mapping2.fromHost = "GUI C"
2023-11-19T22:01:26.091Z In(05) vmx DICT pref.keyboardAndMouse.profile1.mapping2.toGuest = "CONTROL C"
2023-11-19T22:01:26.091Z In(05) vmx DICT pref.keyboardAndMouse.profile1.mapping3.mappingKey = "3"
2023-11-19T22:01:26.091Z In(05) vmx DICT pref.keyboardAndMouse.profile1.mapping3.enabled = "TRUE"
2023-11-19T22:01:26.091Z In(05) vmx DICT pref.keyboardAndMouse.profile1.mapping3.fromHost = "GUI V"
2023-11-19T22:01:26.091Z In(05) vmx DICT pref.keyboardAndMouse.profile1.mapping3.toGuest = "CONTROL V"
2023-11-19T22:01:26.091Z In(05) vmx DICT pref.keyboardAndMouse.profile1.mapping4.mappingKey = "4"
2023-11-19T22:01:26.091Z In(05) vmx DICT pref.keyboardAndMouse.profile1.mapping4.enabled = "TRUE"
2023-11-19T22:01:26.091Z In(05) vmx DICT pref.keyboardAndMouse.profile1.mapping4.fromHost = "GUI P"
2023-11-19T22:01:26.091Z In(05) vmx DICT pref.keyboardAndMouse.profile1.mapping4.toGuest = "CONTROL P"
2023-11-19T22:01:26.091Z In(05) vmx DICT pref.keyboardAndMouse.profile1.mapping5.mappingKey = "5"
2023-11-19T22:01:26.091Z In(05) vmx DICT pref.keyboardAndMouse.profile1.mapping5.enabled = "TRUE"
2023-11-19T22:01:26.091Z In(05) vmx DICT pref.keyboardAndMouse.profile1.mapping5.fromHost = "GUI A"
2023-11-19T22:01:26.091Z In(05) vmx DICT pref.keyboardAndMouse.profile1.mapping5.toGuest = "CONTROL A"
2023-11-19T22:01:26.091Z In(05) vmx DICT pref.keyboardAndMouse.profile1.mapping6.mappingKey = "6"
2023-11-19T22:01:26.091Z In(05) vmx DICT pref.keyboardAndMouse.profile1.mapping6.enabled = "TRUE"
2023-11-19T22:01:26.091Z In(05) vmx DICT pref.keyboardAndMouse.profile1.mapping6.fromHost = "GUI S"
2023-11-19T22:01:26.091Z In(05) vmx DICT pref.keyboardAndMouse.profile1.mapping6.toGuest = "CONTROL S"
2023-11-19T22:01:26.091Z In(05) vmx DICT pref.keyboardAndMouse.profile1.mapping7.mappingKey = "7"
2023-11-19T22:01:26.091Z In(05) vmx DICT pref.keyboardAndMouse.profile1.mapping7.enabled = "TRUE"
2023-11-19T22:01:26.091Z In(05) vmx DICT pref.keyboardAndMouse.profile1.mapping7.fromHost = "GUI F"
2023-11-19T22:01:26.091Z In(05) vmx DICT pref.keyboardAndMouse.profile1.mapping7.toGuest = "0x03d"
2023-11-19T22:01:26.091Z In(05) vmx DICT pref.keyboardAndMouse.profile1.mapping8.mappingKey = "8"
2023-11-19T22:01:26.091Z In(05) vmx DICT pref.keyboardAndMouse.profile1.mapping8.enabled = "TRUE"
2023-11-19T22:01:26.091Z In(05) vmx DICT pref.keyboardAndMouse.profile1.mapping8.fromHost = "GUI W"
2023-11-19T22:01:26.091Z In(05) vmx DICT pref.keyboardAndMouse.profile1.mapping8.toGuest = "ALT 0x03e"
2023-11-19T22:01:26.091Z In(05) vmx DICT pref.keyboardAndMouse.profile1.mapping9.mappingKey = "9"
2023-11-19T22:01:26.091Z In(05) vmx DICT pref.keyboardAndMouse.profile1.mapping9.enabled = "TRUE"
2023-11-19T22:01:26.091Z In(05) vmx DICT pref.keyboardAndMouse.profile1.mapping9.fromHost = "CONTROL ALT 0xe"
2023-11-19T22:01:26.091Z In(05) vmx DICT pref.keyboardAndMouse.profile1.mapping9.toGuest = "CONTROL ALT 0x153"
2023-11-19T22:01:26.091Z In(05) vmx DICT pref.keyboardAndMouse.profile1.mapping10.mappingKey = "10"
2023-11-19T22:01:26.091Z In(05) vmx DICT pref.keyboardAndMouse.profile1.mapping10.enabled = "FALSE"
2023-11-19T22:01:26.091Z In(05) vmx DICT pref.keyboardAndMouse.profile1.mapping10.fromHost = "0x11c"
2023-11-19T22:01:26.091Z In(05) vmx DICT pref.keyboardAndMouse.profile1.mapping10.toGuest = "0x138"
2023-11-19T22:01:26.091Z In(05) vmx DICT pref.keyboardAndMouse.profile1.mapping11.mappingKey = "11"
2023-11-19T22:01:26.091Z In(05) vmx DICT pref.keyboardAndMouse.profile1.mapping11.enabled = "TRUE"
2023-11-19T22:01:26.091Z In(05) vmx DICT pref.keyboardAndMouse.profile1.mapping11.fromHost = "Mouse1 Control"
2023-11-19T22:01:26.091Z In(05) vmx DICT pref.keyboardAndMouse.profile1.mapping11.toGuest = "Mouse2"
2023-11-19T22:01:26.091Z In(05) vmx DICT pref.keyboardAndMouse.profile1.mapping12.mappingKey = "12"
2023-11-19T22:01:26.091Z In(05) vmx DICT pref.keyboardAndMouse.profile1.mapping12.enabled = "TRUE"
2023-11-19T22:01:26.091Z In(05) vmx DICT pref.keyboardAndMouse.profile1.mapping12.fromHost = "Mouse1 GUI"
2023-11-19T22:01:26.091Z In(05) vmx DICT pref.keyboardAndMouse.profile1.mapping12.toGuest = "Mouse3"
2023-11-19T22:01:26.091Z In(05) vmx DICT pref.keyboardAndMouse.profile1.mapping13.mappingKey = "13"
2023-11-19T22:01:26.091Z In(05) vmx DICT pref.keyboardAndMouse.profile1.mapping13.enabled = "TRUE"
2023-11-19T22:01:26.091Z In(05) vmx DICT pref.keyboardAndMouse.profile1.mapping13.fromHost = "GUI CONTROL"
2023-11-19T22:01:26.092Z In(05) vmx DICT pref.keyboardAndMouse.profile1.mapping13.toGuest = "Ungrab"
2023-11-19T22:01:26.092Z In(05) vmx DICT pref.keyboardAndMouse.profile1.mapping14.mappingKey = "14"
2023-11-19T22:01:26.092Z In(05) vmx DICT pref.keyboardAndMouse.profile1.mapping14.enabled = "TRUE"
2023-11-19T22:01:26.092Z In(05) vmx DICT pref.keyboardAndMouse.profile1.mapping14.fromHost = "GUI CONTROL F"
2023-11-19T22:01:26.092Z In(05) vmx DICT pref.keyboardAndMouse.profile1.mapping14.toGuest = "Fullscreen"
2023-11-19T22:01:26.092Z In(05) vmx DICT pref.keyboardAndMouse.profile1.mapping15.mappingKey = "15"
2023-11-19T22:01:26.092Z In(05) vmx DICT pref.keyboardAndMouse.profile1.mapping15.enabled = "TRUE"
2023-11-19T22:01:26.092Z In(05) vmx DICT pref.keyboardAndMouse.profile1.mapping15.fromHost = "GUI CONTROL U"
2023-11-19T22:01:26.092Z In(05) vmx DICT pref.keyboardAndMouse.profile1.mapping15.toGuest = "Unity"
2023-11-19T22:01:26.092Z In(05) vmx DICT pref.keyboardAndMouse.profile1.mapping16.mappingKey = "16"
2023-11-19T22:01:26.092Z In(05) vmx DICT pref.keyboardAndMouse.profile1.mapping16.enabled = "TRUE"
2023-11-19T22:01:26.092Z In(05) vmx DICT pref.keyboardAndMouse.profile1.mapping16.fromHost = "GUI SHIFT U"
2023-11-19T22:01:26.092Z In(05) vmx DICT pref.keyboardAndMouse.profile1.mapping16.toGuest = "Unity"
2023-11-19T22:01:26.092Z In(05) vmx DICT pref.keyboardAndMouse.profile1.mapping17.mappingKey = "17"
2023-11-19T22:01:26.092Z In(05) vmx DICT pref.keyboardAndMouse.profile1.mapping17.enabled = "TRUE"
2023-11-19T22:01:26.092Z In(05) vmx DICT pref.keyboardAndMouse.profile1.mapping17.fromHost = "GUI CONTROL S"
2023-11-19T22:01:26.092Z In(05) vmx DICT pref.keyboardAndMouse.profile1.mapping17.toGuest = "SingleWindow"
2023-11-19T22:01:26.092Z In(05) vmx DICT pref.keyboardAndMouse.profile1.mapping18.mappingKey = "18"
2023-11-19T22:01:26.092Z In(05) vmx DICT pref.keyboardAndMouse.profile1.mapping18.enabled = "TRUE"
2023-11-19T22:01:26.092Z In(05) vmx DICT pref.keyboardAndMouse.profile1.mapping18.fromHost = "GUI 0x029"
2023-11-19T22:01:26.092Z In(05) vmx DICT pref.keyboardAndMouse.profile1.mapping18.toGuest = "CycleWindow"
2023-11-19T22:01:26.092Z In(05) vmx DICT pref.keyboardAndMouse.profile1.mapping19.mappingKey = "19"
2023-11-19T22:01:26.092Z In(05) vmx DICT pref.keyboardAndMouse.profile1.mapping19.enabled = "TRUE"
2023-11-19T22:01:26.092Z In(05) vmx DICT pref.keyboardAndMouse.profile1.mapping19.fromHost = "GUI SHIFT 0x029"
2023-11-19T22:01:26.092Z In(05) vmx DICT pref.keyboardAndMouse.profile1.mapping19.toGuest = "CycleWindowReverse"
2023-11-19T22:01:26.092Z In(05) vmx DICT pref.keyboardAndMouse.profile1.mapping20.mappingKey = "20"
2023-11-19T22:01:26.092Z In(05) vmx DICT pref.keyboardAndMouse.profile1.mapping20.enabled = "TRUE"
2023-11-19T22:01:26.092Z In(05) vmx DICT pref.keyboardAndMouse.profile1.mapping20.fromHost = "GUI H"
2023-11-19T22:01:26.092Z In(05) vmx DICT pref.keyboardAndMouse.profile1.mapping20.toGuest = "HideApplication"
2023-11-19T22:01:26.092Z In(05) vmx DICT pref.keyboardAndMouse.profile1.mapping21.mappingKey = "21"
2023-11-19T22:01:26.092Z In(05) vmx DICT pref.keyboardAndMouse.profile1.mapping21.enabled = "TRUE"
2023-11-19T22:01:26.092Z In(05) vmx DICT pref.keyboardAndMouse.profile1.mapping21.fromHost = "GUI M"
2023-11-19T22:01:26.092Z In(05) vmx DICT pref.keyboardAndMouse.profile1.mapping21.toGuest = "MinimizeWindow"
2023-11-19T22:01:26.092Z In(05) vmx DICT pref.keyboardAndMouse.profile1.mapping22.mappingKey = "22"
2023-11-19T22:01:26.092Z In(05) vmx DICT pref.keyboardAndMouse.profile1.mapping22.enabled = "TRUE"
2023-11-19T22:01:26.092Z In(05) vmx DICT pref.keyboardAndMouse.profile1.mapping22.fromHost = "GUI Q"
2023-11-19T22:01:26.092Z In(05) vmx DICT pref.keyboardAndMouse.profile1.mapping22.toGuest = "Quit"
2023-11-19T22:01:26.092Z In(05) vmx DICT pref.keyboardAndMouse.profile1.mapping23.mappingKey = "23"
2023-11-19T22:01:26.092Z In(05) vmx DICT pref.keyboardAndMouse.profile1.mapping23.enabled = "TRUE"
2023-11-19T22:01:26.092Z In(05) vmx DICT pref.keyboardAndMouse.profile1.mapping23.fromHost = "GUI SHIFT M"
2023-11-19T22:01:26.092Z In(05) vmx DICT pref.keyboardAndMouse.profile1.mapping23.toGuest = "ToggleHideMenu"
2023-11-19T22:01:26.092Z In(05) vmx DICT pref.keyboardAndMouse.profile1.mapping24.mappingKey = "24"
2023-11-19T22:01:26.092Z In(05) vmx DICT pref.keyboardAndMouse.profile1.mapping24.enabled = "FALSE"
2023-11-19T22:01:26.092Z In(05) vmx DICT pref.keyboardAndMouse.profile1.mapping24.fromHost = "GUI E"
2023-11-19T22:01:26.092Z In(05) vmx DICT pref.keyboardAndMouse.profile1.mapping24.toGuest = "Settings"
2023-11-19T22:01:26.092Z In(05) vmx DICT pref.keyboardAndMouse.profile2.profileKey = "523f3104-2aad-19fb-c676-cd4ad2e99e48"
2023-11-19T22:01:26.092Z In(05) vmx DICT pref.keyboardAndMouse.profile2.profileName = "Windows 10 Profile"
2023-11-19T22:01:26.092Z In(05) vmx DICT pref.keyboardAndMouse.profile2.profileType = "windows9"
2023-11-19T22:01:26.092Z In(05) vmx DICT pref.keyboardAndMouse.profile2.enableOSShortcuts = "TRUE"
2023-11-19T22:01:26.092Z In(05) vmx DICT pref.keyboardAndMouse.profile2.enableKeyMappings = "TRUE"
2023-11-19T22:01:26.092Z In(05) vmx DICT pref.keyboardAndMouse.profile2.languageSpecificKeyMappingsEnabled = "TRUE"
2023-11-19T22:01:26.092Z In(05) vmx DICT pref.keyboardAndMouse.profile2.selectedLanguage = ""
2023-11-19T22:01:26.092Z In(05) vmx DICT pref.keyboardAndMouse.profile2.cmdKeyFilterType = "none"
2023-11-19T22:01:26.092Z In(05) vmx DICT pref.keyboardAndMouse.profile2.maxMappings = "30"
2023-11-19T22:01:26.092Z In(05) vmx DICT pref.keyboardAndMouse.profile2.mapping0.mappingKey = "0"
2023-11-19T22:01:26.092Z In(05) vmx DICT pref.keyboardAndMouse.profile2.mapping0.enabled = "TRUE"
2023-11-19T22:01:26.092Z In(05) vmx DICT pref.keyboardAndMouse.profile2.mapping0.fromHost = "GUI Z"
2023-11-19T22:01:26.092Z In(05) vmx DICT pref.keyboardAndMouse.profile2.mapping0.toGuest = "CONTROL Z"
2023-11-19T22:01:26.092Z In(05) vmx DICT pref.keyboardAndMouse.profile2.mapping1.mappingKey = "1"
2023-11-19T22:01:26.092Z In(05) vmx DICT pref.keyboardAndMouse.profile2.mapping1.enabled = "TRUE"
2023-11-19T22:01:26.092Z In(05) vmx DICT pref.keyboardAndMouse.profile2.mapping1.fromHost = "GUI X"
2023-11-19T22:01:26.092Z In(05) vmx DICT pref.keyboardAndMouse.profile2.mapping1.toGuest = "CONTROL X"
2023-11-19T22:01:26.092Z In(05) vmx DICT pref.keyboardAndMouse.profile2.mapping2.mappingKey = "2"
2023-11-19T22:01:26.092Z In(05) vmx DICT pref.keyboardAndMouse.profile2.mapping2.enabled = "TRUE"
2023-11-19T22:01:26.092Z In(05) vmx DICT pref.keyboardAndMouse.profile2.mapping2.fromHost = "GUI C"
2023-11-19T22:01:26.092Z In(05) vmx DICT pref.keyboardAndMouse.profile2.mapping2.toGuest = "CONTROL C"
2023-11-19T22:01:26.092Z In(05) vmx DICT pref.keyboardAndMouse.profile2.mapping3.mappingKey = "3"
2023-11-19T22:01:26.092Z In(05) vmx DICT pref.keyboardAndMouse.profile2.mapping3.enabled = "TRUE"
2023-11-19T22:01:26.092Z In(05) vmx DICT pref.keyboardAndMouse.profile2.mapping3.fromHost = "GUI V"
2023-11-19T22:01:26.092Z In(05) vmx DICT pref.keyboardAndMouse.profile2.mapping3.toGuest = "CONTROL V"
2023-11-19T22:01:26.092Z In(05) vmx DICT pref.keyboardAndMouse.profile2.mapping4.mappingKey = "4"
2023-11-19T22:01:26.092Z In(05) vmx DICT pref.keyboardAndMouse.profile2.mapping4.enabled = "TRUE"
2023-11-19T22:01:26.092Z In(05) vmx DICT pref.keyboardAndMouse.profile2.mapping4.fromHost = "GUI P"
2023-11-19T22:01:26.092Z In(05) vmx DICT pref.keyboardAndMouse.profile2.mapping4.toGuest = "CONTROL P"
2023-11-19T22:01:26.092Z In(05) vmx DICT pref.keyboardAndMouse.profile2.mapping5.mappingKey = "5"
2023-11-19T22:01:26.092Z In(05) vmx DICT pref.keyboardAndMouse.profile2.mapping5.enabled = "TRUE"
2023-11-19T22:01:26.092Z In(05) vmx DICT pref.keyboardAndMouse.profile2.mapping5.fromHost = "GUI A"
2023-11-19T22:01:26.092Z In(05) vmx DICT pref.keyboardAndMouse.profile2.mapping5.toGuest = "CONTROL A"
2023-11-19T22:01:26.092Z In(05) vmx DICT pref.keyboardAndMouse.profile2.mapping6.mappingKey = "6"
2023-11-19T22:01:26.092Z In(05) vmx DICT pref.keyboardAndMouse.profile2.mapping6.enabled = "TRUE"
2023-11-19T22:01:26.092Z In(05) vmx DICT pref.keyboardAndMouse.profile2.mapping6.fromHost = "GUI S"
2023-11-19T22:01:26.092Z In(05) vmx DICT pref.keyboardAndMouse.profile2.mapping6.toGuest = "CONTROL S"
2023-11-19T22:01:26.092Z In(05) vmx DICT pref.keyboardAndMouse.profile2.mapping7.mappingKey = "7"
2023-11-19T22:01:26.092Z In(05) vmx DICT pref.keyboardAndMouse.profile2.mapping7.enabled = "TRUE"
2023-11-19T22:01:26.092Z In(05) vmx DICT pref.keyboardAndMouse.profile2.mapping7.fromHost = "GUI F"
2023-11-19T22:01:26.092Z In(05) vmx DICT pref.keyboardAndMouse.profile2.mapping7.toGuest = "0x03d"
2023-11-19T22:01:26.092Z In(05) vmx DICT pref.keyboardAndMouse.profile2.mapping8.mappingKey = "8"
2023-11-19T22:01:26.092Z In(05) vmx DICT pref.keyboardAndMouse.profile2.mapping8.enabled = "TRUE"
2023-11-19T22:01:26.092Z In(05) vmx DICT pref.keyboardAndMouse.profile2.mapping8.fromHost = "GUI W"
2023-11-19T22:01:26.092Z In(05) vmx DICT pref.keyboardAndMouse.profile2.mapping8.toGuest = "ALT 0x03e"
2023-11-19T22:01:26.092Z In(05) vmx DICT pref.keyboardAndMouse.profile2.mapping9.mappingKey = "9"
2023-11-19T22:01:26.092Z In(05) vmx DICT pref.keyboardAndMouse.profile2.mapping9.enabled = "TRUE"
2023-11-19T22:01:26.092Z In(05) vmx DICT pref.keyboardAndMouse.profile2.mapping9.fromHost = "CONTROL ALT 0xe"
2023-11-19T22:01:26.092Z In(05) vmx DICT pref.keyboardAndMouse.profile2.mapping9.toGuest = "CONTROL ALT 0x153"
2023-11-19T22:01:26.092Z In(05) vmx DICT pref.keyboardAndMouse.profile2.mapping10.mappingKey = "10"
2023-11-19T22:01:26.092Z In(05) vmx DICT pref.keyboardAndMouse.profile2.mapping10.enabled = "FALSE"
2023-11-19T22:01:26.092Z In(05) vmx DICT pref.keyboardAndMouse.profile2.mapping10.fromHost = "0x11c"
2023-11-19T22:01:26.092Z In(05) vmx DICT pref.keyboardAndMouse.profile2.mapping10.toGuest = "0x138"
2023-11-19T22:01:26.092Z In(05) vmx DICT pref.keyboardAndMouse.profile2.mapping11.mappingKey = "11"
2023-11-19T22:01:26.092Z In(05) vmx DICT pref.keyboardAndMouse.profile2.mapping11.enabled = "TRUE"
2023-11-19T22:01:26.092Z In(05) vmx DICT pref.keyboardAndMouse.profile2.mapping11.fromHost = "GUI SHIFT H"
2023-11-19T22:01:26.092Z In(05) vmx DICT pref.keyboardAndMouse.profile2.mapping11.toGuest = "GUI H"
2023-11-19T22:01:26.092Z In(05) vmx DICT pref.keyboardAndMouse.profile2.mapping12.mappingKey = "12"
2023-11-19T22:01:26.092Z In(05) vmx DICT pref.keyboardAndMouse.profile2.mapping12.enabled = "TRUE"
2023-11-19T22:01:26.092Z In(05) vmx DICT pref.keyboardAndMouse.profile2.mapping12.fromHost = "GUI SHIFT M"
2023-11-19T22:01:26.092Z In(05) vmx DICT pref.keyboardAndMouse.profile2.mapping12.toGuest = "GUI M"
2023-11-19T22:01:26.092Z In(05) vmx DICT pref.keyboardAndMouse.profile2.mapping13.mappingKey = "13"
2023-11-19T22:01:26.092Z In(05) vmx DICT pref.keyboardAndMouse.profile2.mapping13.enabled = "TRUE"
2023-11-19T22:01:26.092Z In(05) vmx DICT pref.keyboardAndMouse.profile2.mapping13.fromHost = "GUI SHIFT P"
2023-11-19T22:01:26.092Z In(05) vmx DICT pref.keyboardAndMouse.profile2.mapping13.toGuest = "GUI P"
2023-11-19T22:01:26.092Z In(05) vmx DICT pref.keyboardAndMouse.profile2.mapping14.mappingKey = "14"
2023-11-19T22:01:26.092Z In(05) vmx DICT pref.keyboardAndMouse.profile2.mapping14.enabled = "TRUE"
2023-11-19T22:01:26.092Z In(05) vmx DICT pref.keyboardAndMouse.profile2.mapping14.fromHost = "GUI SHIFT V"
2023-11-19T22:01:26.092Z In(05) vmx DICT pref.keyboardAndMouse.profile2.mapping14.toGuest = "GUI V"
2023-11-19T22:01:26.092Z In(05) vmx DICT pref.keyboardAndMouse.profile2.mapping15.mappingKey = "15"
2023-11-19T22:01:26.092Z In(05) vmx DICT pref.keyboardAndMouse.profile2.mapping15.enabled = "TRUE"
2023-11-19T22:01:26.092Z In(05) vmx DICT pref.keyboardAndMouse.profile2.mapping15.fromHost = "GUI SHIFT X"
2023-11-19T22:01:26.092Z In(05) vmx DICT pref.keyboardAndMouse.profile2.mapping15.toGuest = "GUI X"
2023-11-19T22:01:26.092Z In(05) vmx DICT pref.keyboardAndMouse.profile2.mapping16.mappingKey = "16"
2023-11-19T22:01:26.092Z In(05) vmx DICT pref.keyboardAndMouse.profile2.mapping16.enabled = "TRUE"
2023-11-19T22:01:26.092Z In(05) vmx DICT pref.keyboardAndMouse.profile2.mapping16.fromHost = "GUI SHIFT Z"
2023-11-19T22:01:26.092Z In(05) vmx DICT pref.keyboardAndMouse.profile2.mapping16.toGuest = "GUI Z"
2023-11-19T22:01:26.092Z In(05) vmx DICT pref.keyboardAndMouse.profile2.mapping17.mappingKey = "17"
2023-11-19T22:01:26.092Z In(05) vmx DICT pref.keyboardAndMouse.profile2.mapping17.enabled = "TRUE"
2023-11-19T22:01:26.092Z In(05) vmx DICT pref.keyboardAndMouse.profile2.mapping17.fromHost = "Mouse1 Control"
2023-11-19T22:01:26.092Z In(05) vmx DICT pref.keyboardAndMouse.profile2.mapping17.toGuest = "Mouse2"
2023-11-19T22:01:26.092Z In(05) vmx DICT pref.keyboardAndMouse.profile2.mapping18.mappingKey = "18"
2023-11-19T22:01:26.092Z In(05) vmx DICT pref.keyboardAndMouse.profile2.mapping18.enabled = "TRUE"
2023-11-19T22:01:26.092Z In(05) vmx DICT pref.keyboardAndMouse.profile2.mapping18.fromHost = "Mouse1 GUI"
2023-11-19T22:01:26.092Z In(05) vmx DICT pref.keyboardAndMouse.profile2.mapping18.toGuest = "Mouse3"
2023-11-19T22:01:26.092Z In(05) vmx DICT pref.keyboardAndMouse.profile2.mapping19.mappingKey = "19"
2023-11-19T22:01:26.092Z In(05) vmx DICT pref.keyboardAndMouse.profile2.mapping19.enabled = "TRUE"
2023-11-19T22:01:26.092Z In(05) vmx DICT pref.keyboardAndMouse.profile2.mapping19.fromHost = "GUI CONTROL"
2023-11-19T22:01:26.092Z In(05) vmx DICT pref.keyboardAndMouse.profile2.mapping19.toGuest = "Ungrab"
2023-11-19T22:01:26.092Z In(05) vmx DICT pref.keyboardAndMouse.profile2.mapping20.mappingKey = "20"
2023-11-19T22:01:26.092Z In(05) vmx DICT pref.keyboardAndMouse.profile2.mapping20.enabled = "TRUE"
2023-11-19T22:01:26.092Z In(05) vmx DICT pref.keyboardAndMouse.profile2.mapping20.fromHost = "GUI CONTROL F"
2023-11-19T22:01:26.092Z In(05) vmx DICT pref.keyboardAndMouse.profile2.mapping20.toGuest = "Fullscreen"
2023-11-19T22:01:26.092Z In(05) vmx DICT pref.keyboardAndMouse.profile2.mapping21.mappingKey = "21"
2023-11-19T22:01:26.092Z In(05) vmx DICT pref.keyboardAndMouse.profile2.mapping21.enabled = "TRUE"
2023-11-19T22:01:26.092Z In(05) vmx DICT pref.keyboardAndMouse.profile2.mapping21.fromHost = "GUI SHIFT U"
2023-11-19T22:01:26.092Z In(05) vmx DICT pref.keyboardAndMouse.profile2.mapping21.toGuest = "Unity"
2023-11-19T22:01:26.092Z In(05) vmx DICT pref.keyboardAndMouse.profile2.mapping22.mappingKey = "22"
2023-11-19T22:01:26.092Z In(05) vmx DICT pref.keyboardAndMouse.profile2.mapping22.enabled = "TRUE"
2023-11-19T22:01:26.092Z In(05) vmx DICT pref.keyboardAndMouse.profile2.mapping22.fromHost = "GUI CONTROL S"
2023-11-19T22:01:26.092Z In(05) vmx DICT pref.keyboardAndMouse.profile2.mapping22.toGuest = "SingleWindow"
2023-11-19T22:01:26.092Z In(05) vmx DICT pref.keyboardAndMouse.profile2.mapping23.mappingKey = "23"
2023-11-19T22:01:26.092Z In(05) vmx DICT pref.keyboardAndMouse.profile2.mapping23.enabled = "TRUE"
2023-11-19T22:01:26.092Z In(05) vmx DICT pref.keyboardAndMouse.profile2.mapping23.fromHost = "GUI 0x029"
2023-11-19T22:01:26.092Z In(05) vmx DICT pref.keyboardAndMouse.profile2.mapping23.toGuest = "CycleWindow"
2023-11-19T22:01:26.092Z In(05) vmx DICT pref.keyboardAndMouse.profile2.mapping24.mappingKey = "24"
2023-11-19T22:01:26.092Z In(05) vmx DICT pref.keyboardAndMouse.profile2.mapping24.enabled = "TRUE"
2023-11-19T22:01:26.092Z In(05) vmx DICT pref.keyboardAndMouse.profile2.mapping24.fromHost = "GUI SHIFT 0x029"
2023-11-19T22:01:26.092Z In(05) vmx DICT pref.keyboardAndMouse.profile2.mapping24.toGuest = "CycleWindowReverse"
2023-11-19T22:01:26.092Z In(05) vmx DICT pref.keyboardAndMouse.profile2.mapping25.mappingKey = "25"
2023-11-19T22:01:26.092Z In(05) vmx DICT pref.keyboardAndMouse.profile2.mapping25.enabled = "TRUE"
2023-11-19T22:01:26.092Z In(05) vmx DICT pref.keyboardAndMouse.profile2.mapping25.fromHost = "GUI H"
2023-11-19T22:01:26.092Z In(05) vmx DICT pref.keyboardAndMouse.profile2.mapping25.toGuest = "HideApplication"
2023-11-19T22:01:26.092Z In(05) vmx DICT pref.keyboardAndMouse.profile2.mapping26.mappingKey = "26"
2023-11-19T22:01:26.092Z In(05) vmx DICT pref.keyboardAndMouse.profile2.mapping26.enabled = "TRUE"
2023-11-19T22:01:26.092Z In(05) vmx DICT pref.keyboardAndMouse.profile2.mapping26.fromHost = "GUI M"
2023-11-19T22:01:26.092Z In(05) vmx DICT pref.keyboardAndMouse.profile2.mapping26.toGuest = "MinimizeWindow"
2023-11-19T22:01:26.092Z In(05) vmx DICT pref.keyboardAndMouse.profile2.mapping27.mappingKey = "27"
2023-11-19T22:01:26.092Z In(05) vmx DICT pref.keyboardAndMouse.profile2.mapping27.enabled = "TRUE"
2023-11-19T22:01:26.092Z In(05) vmx DICT pref.keyboardAndMouse.profile2.mapping27.fromHost = "GUI Q"
2023-11-19T22:01:26.092Z In(05) vmx DICT pref.keyboardAndMouse.profile2.mapping27.toGuest = "Quit"
2023-11-19T22:01:26.092Z In(05) vmx DICT pref.keyboardAndMouse.profile2.mapping28.mappingKey = "28"
2023-11-19T22:01:26.092Z In(05) vmx DICT pref.keyboardAndMouse.profile2.mapping28.enabled = "TRUE"
2023-11-19T22:01:26.092Z In(05) vmx DICT pref.keyboardAndMouse.profile2.mapping28.fromHost = "GUI ALT SHIFT M"
2023-11-19T22:01:26.092Z In(05) vmx DICT pref.keyboardAndMouse.profile2.mapping28.toGuest = "ToggleHideMenu"
2023-11-19T22:01:26.092Z In(05) vmx DICT pref.keyboardAndMouse.profile2.mapping29.mappingKey = "29"
2023-11-19T22:01:26.092Z In(05) vmx DICT pref.keyboardAndMouse.profile2.mapping29.enabled = "FALSE"
2023-11-19T22:01:26.092Z In(05) vmx DICT pref.keyboardAndMouse.profile2.mapping29.fromHost = "GUI E"
2023-11-19T22:01:26.092Z In(05) vmx DICT pref.keyboardAndMouse.profile2.mapping29.toGuest = "Settings"
2023-11-19T22:01:26.092Z In(05) vmx DICT pref.keyboardAndMouse.profile3.profileKey = "5257ef0a-cae0-1d6d-2c11-175266aa13d3"
2023-11-19T22:01:26.092Z In(05) vmx DICT pref.keyboardAndMouse.profile3.profileName = "Windows 8 Profile"
2023-11-19T22:01:26.092Z In(05) vmx DICT pref.keyboardAndMouse.profile3.profileType = "windows8"
2023-11-19T22:01:26.092Z In(05) vmx DICT pref.keyboardAndMouse.profile3.enableOSShortcuts = "TRUE"
2023-11-19T22:01:26.092Z In(05) vmx DICT pref.keyboardAndMouse.profile3.enableKeyMappings = "TRUE"
2023-11-19T22:01:26.092Z In(05) vmx DICT pref.keyboardAndMouse.profile3.languageSpecificKeyMappingsEnabled = "TRUE"
2023-11-19T22:01:26.092Z In(05) vmx DICT pref.keyboardAndMouse.profile3.selectedLanguage = ""
2023-11-19T22:01:26.092Z In(05) vmx DICT pref.keyboardAndMouse.profile3.cmdKeyFilterType = "none"
2023-11-19T22:01:26.092Z In(05) vmx DICT pref.keyboardAndMouse.profile3.maxMappings = "33"
2023-11-19T22:01:26.092Z In(05) vmx DICT pref.keyboardAndMouse.profile3.mapping0.mappingKey = "0"
2023-11-19T22:01:26.092Z In(05) vmx DICT pref.keyboardAndMouse.profile3.mapping0.enabled = "TRUE"
2023-11-19T22:01:26.092Z In(05) vmx DICT pref.keyboardAndMouse.profile3.mapping0.fromHost = "GUI Z"
2023-11-19T22:01:26.092Z In(05) vmx DICT pref.keyboardAndMouse.profile3.mapping0.toGuest = "CONTROL Z"
2023-11-19T22:01:26.092Z In(05) vmx DICT pref.keyboardAndMouse.profile3.mapping1.mappingKey = "1"
2023-11-19T22:01:26.092Z In(05) vmx DICT pref.keyboardAndMouse.profile3.mapping1.enabled = "TRUE"
2023-11-19T22:01:26.092Z In(05) vmx DICT pref.keyboardAndMouse.profile3.mapping1.fromHost = "GUI X"
2023-11-19T22:01:26.092Z In(05) vmx DICT pref.keyboardAndMouse.profile3.mapping1.toGuest = "CONTROL X"
2023-11-19T22:01:26.092Z In(05) vmx DICT pref.keyboardAndMouse.profile3.mapping2.mappingKey = "2"
2023-11-19T22:01:26.092Z In(05) vmx DICT pref.keyboardAndMouse.profile3.mapping2.enabled = "TRUE"
2023-11-19T22:01:26.092Z In(05) vmx DICT pref.keyboardAndMouse.profile3.mapping2.fromHost = "GUI C"
2023-11-19T22:01:26.092Z In(05) vmx DICT pref.keyboardAndMouse.profile3.mapping2.toGuest = "CONTROL C"
2023-11-19T22:01:26.092Z In(05) vmx DICT pref.keyboardAndMouse.profile3.mapping3.mappingKey = "3"
2023-11-19T22:01:26.092Z In(05) vmx DICT pref.keyboardAndMouse.profile3.mapping3.enabled = "TRUE"
2023-11-19T22:01:26.092Z In(05) vmx DICT pref.keyboardAndMouse.profile3.mapping3.fromHost = "GUI V"
2023-11-19T22:01:26.092Z In(05) vmx DICT pref.keyboardAndMouse.profile3.mapping3.toGuest = "CONTROL V"
2023-11-19T22:01:26.092Z In(05) vmx DICT pref.keyboardAndMouse.profile3.mapping4.mappingKey = "4"
2023-11-19T22:01:26.092Z In(05) vmx DICT pref.keyboardAndMouse.profile3.mapping4.enabled = "TRUE"
2023-11-19T22:01:26.092Z In(05) vmx DICT pref.keyboardAndMouse.profile3.mapping4.fromHost = "GUI P"
2023-11-19T22:01:26.092Z In(05) vmx DICT pref.keyboardAndMouse.profile3.mapping4.toGuest = "CONTROL P"
2023-11-19T22:01:26.092Z In(05) vmx DICT pref.keyboardAndMouse.profile3.mapping5.mappingKey = "5"
2023-11-19T22:01:26.092Z In(05) vmx DICT pref.keyboardAndMouse.profile3.mapping5.enabled = "TRUE"
2023-11-19T22:01:26.092Z In(05) vmx DICT pref.keyboardAndMouse.profile3.mapping5.fromHost = "GUI A"
2023-11-19T22:01:26.092Z In(05) vmx DICT pref.keyboardAndMouse.profile3.mapping5.toGuest = "CONTROL A"
2023-11-19T22:01:26.092Z In(05) vmx DICT pref.keyboardAndMouse.profile3.mapping6.mappingKey = "6"
2023-11-19T22:01:26.092Z In(05) vmx DICT pref.keyboardAndMouse.profile3.mapping6.enabled = "TRUE"
2023-11-19T22:01:26.092Z In(05) vmx DICT pref.keyboardAndMouse.profile3.mapping6.fromHost = "GUI S"
2023-11-19T22:01:26.092Z In(05) vmx DICT pref.keyboardAndMouse.profile3.mapping6.toGuest = "CONTROL S"
2023-11-19T22:01:26.092Z In(05) vmx DICT pref.keyboardAndMouse.profile3.mapping7.mappingKey = "7"
2023-11-19T22:01:26.092Z In(05) vmx DICT pref.keyboardAndMouse.profile3.mapping7.enabled = "TRUE"
2023-11-19T22:01:26.092Z In(05) vmx DICT pref.keyboardAndMouse.profile3.mapping7.fromHost = "GUI F"
2023-11-19T22:01:26.092Z In(05) vmx DICT pref.keyboardAndMouse.profile3.mapping7.toGuest = "0x03d"
2023-11-19T22:01:26.092Z In(05) vmx DICT pref.keyboardAndMouse.profile3.mapping8.mappingKey = "8"
2023-11-19T22:01:26.092Z In(05) vmx DICT pref.keyboardAndMouse.profile3.mapping8.enabled = "TRUE"
2023-11-19T22:01:26.092Z In(05) vmx DICT pref.keyboardAndMouse.profile3.mapping8.fromHost = "GUI W"
2023-11-19T22:01:26.092Z In(05) vmx DICT pref.keyboardAndMouse.profile3.mapping8.toGuest = "ALT 0x03e"
2023-11-19T22:01:26.092Z In(05) vmx DICT pref.keyboardAndMouse.profile3.mapping9.mappingKey = "9"
2023-11-19T22:01:26.092Z In(05) vmx DICT pref.keyboardAndMouse.profile3.mapping9.enabled = "TRUE"
2023-11-19T22:01:26.092Z In(05) vmx DICT pref.keyboardAndMouse.profile3.mapping9.fromHost = "CONTROL ALT 0xe"
2023-11-19T22:01:26.092Z In(05) vmx DICT pref.keyboardAndMouse.profile3.mapping9.toGuest = "CONTROL ALT 0x153"
2023-11-19T22:01:26.092Z In(05) vmx DICT pref.keyboardAndMouse.profile3.mapping10.mappingKey = "10"
2023-11-19T22:01:26.092Z In(05) vmx DICT pref.keyboardAndMouse.profile3.mapping10.enabled = "FALSE"
2023-11-19T22:01:26.092Z In(05) vmx DICT pref.keyboardAndMouse.profile3.mapping10.fromHost = "0x11c"
2023-11-19T22:01:26.092Z In(05) vmx DICT pref.keyboardAndMouse.profile3.mapping10.toGuest = "0x138"
2023-11-19T22:01:26.092Z In(05) vmx DICT pref.keyboardAndMouse.profile3.mapping11.mappingKey = "11"
2023-11-19T22:01:26.092Z In(05) vmx DICT pref.keyboardAndMouse.profile3.mapping11.enabled = "TRUE"
2023-11-19T22:01:26.092Z In(05) vmx DICT pref.keyboardAndMouse.profile3.mapping11.fromHost = "GUI SHIFT C"
2023-11-19T22:01:26.092Z In(05) vmx DICT pref.keyboardAndMouse.profile3.mapping11.toGuest = "GUI C"
2023-11-19T22:01:26.092Z In(05) vmx DICT pref.keyboardAndMouse.profile3.mapping12.mappingKey = "12"
2023-11-19T22:01:26.092Z In(05) vmx DICT pref.keyboardAndMouse.profile3.mapping12.enabled = "TRUE"
2023-11-19T22:01:26.092Z In(05) vmx DICT pref.keyboardAndMouse.profile3.mapping12.fromHost = "GUI SHIFT H"
2023-11-19T22:01:26.092Z In(05) vmx DICT pref.keyboardAndMouse.profile3.mapping12.toGuest = "GUI H"
2023-11-19T22:01:26.092Z In(05) vmx DICT pref.keyboardAndMouse.profile3.mapping13.mappingKey = "13"
2023-11-19T22:01:26.092Z In(05) vmx DICT pref.keyboardAndMouse.profile3.mapping13.enabled = "TRUE"
2023-11-19T22:01:26.092Z In(05) vmx DICT pref.keyboardAndMouse.profile3.mapping13.fromHost = "GUI SHIFT M"
2023-11-19T22:01:26.092Z In(05) vmx DICT pref.keyboardAndMouse.profile3.mapping13.toGuest = "GUI M"
2023-11-19T22:01:26.092Z In(05) vmx DICT pref.keyboardAndMouse.profile3.mapping14.mappingKey = "14"
2023-11-19T22:01:26.092Z In(05) vmx DICT pref.keyboardAndMouse.profile3.mapping14.enabled = "TRUE"
2023-11-19T22:01:26.092Z In(05) vmx DICT pref.keyboardAndMouse.profile3.mapping14.fromHost = "GUI SHIFT P"
2023-11-19T22:01:26.092Z In(05) vmx DICT pref.keyboardAndMouse.profile3.mapping14.toGuest = "GUI P"
2023-11-19T22:01:26.092Z In(05) vmx DICT pref.keyboardAndMouse.profile3.mapping15.mappingKey = "15"
2023-11-19T22:01:26.092Z In(05) vmx DICT pref.keyboardAndMouse.profile3.mapping15.enabled = "TRUE"
2023-11-19T22:01:26.092Z In(05) vmx DICT pref.keyboardAndMouse.profile3.mapping15.fromHost = "GUI SHIFT F"
2023-11-19T22:01:26.092Z In(05) vmx DICT pref.keyboardAndMouse.profile3.mapping15.toGuest = "GUI Q"
2023-11-19T22:01:26.092Z In(05) vmx DICT pref.keyboardAndMouse.profile3.mapping16.mappingKey = "16"
2023-11-19T22:01:26.092Z In(05) vmx DICT pref.keyboardAndMouse.profile3.mapping16.enabled = "TRUE"
2023-11-19T22:01:26.092Z In(05) vmx DICT pref.keyboardAndMouse.profile3.mapping16.fromHost = "GUI SHIFT V"
2023-11-19T22:01:26.092Z In(05) vmx DICT pref.keyboardAndMouse.profile3.mapping16.toGuest = "GUI V"
2023-11-19T22:01:26.092Z In(05) vmx DICT pref.keyboardAndMouse.profile3.mapping17.mappingKey = "17"
2023-11-19T22:01:26.092Z In(05) vmx DICT pref.keyboardAndMouse.profile3.mapping17.enabled = "TRUE"
2023-11-19T22:01:26.092Z In(05) vmx DICT pref.keyboardAndMouse.profile3.mapping17.fromHost = "GUI SHIFT W"
2023-11-19T22:01:26.092Z In(05) vmx DICT pref.keyboardAndMouse.profile3.mapping17.toGuest = "GUI W"
2023-11-19T22:01:26.092Z In(05) vmx DICT pref.keyboardAndMouse.profile3.mapping18.mappingKey = "18"
2023-11-19T22:01:26.092Z In(05) vmx DICT pref.keyboardAndMouse.profile3.mapping18.enabled = "TRUE"
2023-11-19T22:01:26.092Z In(05) vmx DICT pref.keyboardAndMouse.profile3.mapping18.fromHost = "GUI SHIFT X"
2023-11-19T22:01:26.092Z In(05) vmx DICT pref.keyboardAndMouse.profile3.mapping18.toGuest = "GUI X"
2023-11-19T22:01:26.092Z In(05) vmx DICT pref.keyboardAndMouse.profile3.mapping19.mappingKey = "19"
2023-11-19T22:01:26.092Z In(05) vmx DICT pref.keyboardAndMouse.profile3.mapping19.enabled = "TRUE"
2023-11-19T22:01:26.092Z In(05) vmx DICT pref.keyboardAndMouse.profile3.mapping19.fromHost = "GUI SHIFT Z"
2023-11-19T22:01:26.092Z In(05) vmx DICT pref.keyboardAndMouse.profile3.mapping19.toGuest = "GUI Z"
2023-11-19T22:01:26.092Z In(05) vmx DICT pref.keyboardAndMouse.profile3.mapping20.mappingKey = "20"
2023-11-19T22:01:26.092Z In(05) vmx DICT pref.keyboardAndMouse.profile3.mapping20.enabled = "TRUE"
2023-11-19T22:01:26.092Z In(05) vmx DICT pref.keyboardAndMouse.profile3.mapping20.fromHost = "Mouse1 Control"
2023-11-19T22:01:26.092Z In(05) vmx DICT pref.keyboardAndMouse.profile3.mapping20.toGuest = "Mouse2"
2023-11-19T22:01:26.092Z In(05) vmx DICT pref.keyboardAndMouse.profile3.mapping21.mappingKey = "21"
2023-11-19T22:01:26.092Z In(05) vmx DICT pref.keyboardAndMouse.profile3.mapping21.enabled = "TRUE"
2023-11-19T22:01:26.092Z In(05) vmx DICT pref.keyboardAndMouse.profile3.mapping21.fromHost = "Mouse1 GUI"
2023-11-19T22:01:26.092Z In(05) vmx DICT pref.keyboardAndMouse.profile3.mapping21.toGuest = "Mouse3"
2023-11-19T22:01:26.092Z In(05) vmx DICT pref.keyboardAndMouse.profile3.mapping22.mappingKey = "22"
2023-11-19T22:01:26.092Z In(05) vmx DICT pref.keyboardAndMouse.profile3.mapping22.enabled = "TRUE"
2023-11-19T22:01:26.092Z In(05) vmx DICT pref.keyboardAndMouse.profile3.mapping22.fromHost = "GUI CONTROL"
2023-11-19T22:01:26.092Z In(05) vmx DICT pref.keyboardAndMouse.profile3.mapping22.toGuest = "Ungrab"
2023-11-19T22:01:26.092Z In(05) vmx DICT pref.keyboardAndMouse.profile3.mapping23.mappingKey = "23"
2023-11-19T22:01:26.092Z In(05) vmx DICT pref.keyboardAndMouse.profile3.mapping23.enabled = "TRUE"
2023-11-19T22:01:26.092Z In(05) vmx DICT pref.keyboardAndMouse.profile3.mapping23.fromHost = "GUI CONTROL F"
2023-11-19T22:01:26.092Z In(05) vmx DICT pref.keyboardAndMouse.profile3.mapping23.toGuest = "Fullscreen"
2023-11-19T22:01:26.092Z In(05) vmx DICT pref.keyboardAndMouse.profile3.mapping24.mappingKey = "24"
2023-11-19T22:01:26.092Z In(05) vmx DICT pref.keyboardAndMouse.profile3.mapping24.enabled = "TRUE"
2023-11-19T22:01:26.092Z In(05) vmx DICT pref.keyboardAndMouse.profile3.mapping24.fromHost = "GUI SHIFT U"
2023-11-19T22:01:26.092Z In(05) vmx DICT pref.keyboardAndMouse.profile3.mapping24.toGuest = "Unity"
2023-11-19T22:01:26.092Z In(05) vmx DICT pref.keyboardAndMouse.profile3.mapping25.mappingKey = "25"
2023-11-19T22:01:26.092Z In(05) vmx DICT pref.keyboardAndMouse.profile3.mapping25.enabled = "TRUE"
2023-11-19T22:01:26.092Z In(05) vmx DICT pref.keyboardAndMouse.profile3.mapping25.fromHost = "GUI CONTROL S"
2023-11-19T22:01:26.092Z In(05) vmx DICT pref.keyboardAndMouse.profile3.mapping25.toGuest = "SingleWindow"
2023-11-19T22:01:26.092Z In(05) vmx DICT pref.keyboardAndMouse.profile3.mapping26.mappingKey = "26"
2023-11-19T22:01:26.092Z In(05) vmx DICT pref.keyboardAndMouse.profile3.mapping26.enabled = "TRUE"
2023-11-19T22:01:26.092Z In(05) vmx DICT pref.keyboardAndMouse.profile3.mapping26.fromHost = "GUI 0x029"
2023-11-19T22:01:26.092Z In(05) vmx DICT pref.keyboardAndMouse.profile3.mapping26.toGuest = "CycleWindow"
2023-11-19T22:01:26.092Z In(05) vmx DICT pref.keyboardAndMouse.profile3.mapping27.mappingKey = "27"
2023-11-19T22:01:26.092Z In(05) vmx DICT pref.keyboardAndMouse.profile3.mapping27.enabled = "TRUE"
2023-11-19T22:01:26.092Z In(05) vmx DICT pref.keyboardAndMouse.profile3.mapping27.fromHost = "GUI SHIFT 0x029"
2023-11-19T22:01:26.092Z In(05) vmx DICT pref.keyboardAndMouse.profile3.mapping27.toGuest = "CycleWindowReverse"
2023-11-19T22:01:26.092Z In(05) vmx DICT pref.keyboardAndMouse.profile3.mapping28.mappingKey = "28"
2023-11-19T22:01:26.092Z In(05) vmx DICT pref.keyboardAndMouse.profile3.mapping28.enabled = "TRUE"
2023-11-19T22:01:26.092Z In(05) vmx DICT pref.keyboardAndMouse.profile3.mapping28.fromHost = "GUI H"
2023-11-19T22:01:26.092Z In(05) vmx DICT pref.keyboardAndMouse.profile3.mapping28.toGuest = "HideApplication"
2023-11-19T22:01:26.092Z In(05) vmx DICT pref.keyboardAndMouse.profile3.mapping29.mappingKey = "29"
2023-11-19T22:01:26.092Z In(05) vmx DICT pref.keyboardAndMouse.profile3.mapping29.enabled = "TRUE"
2023-11-19T22:01:26.092Z In(05) vmx DICT pref.keyboardAndMouse.profile3.mapping29.fromHost = "GUI M"
2023-11-19T22:01:26.092Z In(05) vmx DICT pref.keyboardAndMouse.profile3.mapping29.toGuest = "MinimizeWindow"
2023-11-19T22:01:26.092Z In(05) vmx DICT pref.keyboardAndMouse.profile3.mapping30.mappingKey = "30"
2023-11-19T22:01:26.092Z In(05) vmx DICT pref.keyboardAndMouse.profile3.mapping30.enabled = "TRUE"
2023-11-19T22:01:26.092Z In(05) vmx DICT pref.keyboardAndMouse.profile3.mapping30.fromHost = "GUI Q"
2023-11-19T22:01:26.092Z In(05) vmx DICT pref.keyboardAndMouse.profile3.mapping30.toGuest = "Quit"
2023-11-19T22:01:26.092Z In(05) vmx DICT pref.keyboardAndMouse.profile3.mapping31.mappingKey = "31"
2023-11-19T22:01:26.092Z In(05) vmx DICT pref.keyboardAndMouse.profile3.mapping31.enabled = "TRUE"
2023-11-19T22:01:26.092Z In(05) vmx DICT pref.keyboardAndMouse.profile3.mapping31.fromHost = "GUI ALT SHIFT M"
2023-11-19T22:01:26.092Z In(05) vmx DICT pref.keyboardAndMouse.profile3.mapping31.toGuest = "ToggleHideMenu"
2023-11-19T22:01:26.092Z In(05) vmx DICT pref.keyboardAndMouse.profile3.mapping32.mappingKey = "32"
2023-11-19T22:01:26.092Z In(05) vmx DICT pref.keyboardAndMouse.profile3.mapping32.enabled = "FALSE"
2023-11-19T22:01:26.092Z In(05) vmx DICT pref.keyboardAndMouse.profile3.mapping32.fromHost = "GUI E"
2023-11-19T22:01:26.092Z In(05) vmx DICT pref.keyboardAndMouse.profile3.mapping32.toGuest = "Settings"
2023-11-19T22:01:26.092Z In(05) vmx DICT --- USER DEFAULTS /Users/bensathis/Library/Preferences/VMware Fusion/config
2023-11-19T22:01:26.092Z In(05) vmx DICT --- HOST DEFAULTS /Library/Preferences/VMware Fusion/config
2023-11-19T22:01:26.092Z In(05) vmx DICT --- SITE DEFAULTS /Applications/VMware Fusion.app/Contents/Library/config
2023-11-19T22:01:26.092Z In(05) vmx DICT --- NONPERSISTENT
2023-11-19T22:01:26.092Z In(05) vmx DICT  vmx.noUIBuildNumberCheck = "TRUE"
2023-11-19T22:01:26.092Z In(05) vmx DICT             gui.available = "TRUE"
2023-11-19T22:01:26.092Z In(05) vmx DICT --- COMMAND LINE
2023-11-19T22:01:26.092Z In(05) vmx DICT  vmx.noUIBuildNumberCheck = "TRUE"
2023-11-19T22:01:26.092Z In(05) vmx DICT             gui.available = "TRUE"
2023-11-19T22:01:26.092Z In(05) vmx DICT --- RECORDING
2023-11-19T22:01:26.092Z In(05) vmx DICT  vmx.noUIBuildNumberCheck = "TRUE"
2023-11-19T22:01:26.092Z In(05) vmx DICT             gui.available = "TRUE"
2023-11-19T22:01:26.092Z In(05) vmx DICT --- CONFIGURATION /Users/bensathis/git/X408_L5/problem_4/.vagrant/machines/default/vmware_desktop/8133e291-419e-4c82-a55f-6882ca77efa2/ubuntu-18.04-amd64.vmx 
2023-11-19T22:01:26.092Z In(05) vmx DICT            bios.bootorder = "hdd,cdrom"
2023-11-19T22:01:26.092Z In(05) vmx DICT        checkpoint.vmstate = ""
2023-11-19T22:01:26.092Z In(05) vmx DICT             cleanshutdown = "TRUE"
2023-11-19T22:01:26.092Z In(05) vmx DICT            config.version = "8"
2023-11-19T22:01:26.092Z In(05) vmx DICT      cpuid.corespersocket = "1"
2023-11-19T22:01:26.092Z In(05) vmx DICT               displayname = "problem_4: default"
2023-11-19T22:01:26.092Z In(05) vmx DICT        ehci.pcislotnumber = "-1"
2023-11-19T22:01:26.092Z In(05) vmx DICT              ehci.present = "FALSE"
2023-11-19T22:01:26.092Z In(05) vmx DICT     ethernet0.addresstype = "generated"
2023-11-19T22:01:26.092Z In(05) vmx DICT  ethernet0.connectiontype = "nat"
2023-11-19T22:01:26.092Z In(05) vmx DICT         ethernet0.present = "TRUE"
2023-11-19T22:01:26.092Z In(05) vmx DICT      ethernet0.virtualdev = "e1000e"
2023-11-19T22:01:26.092Z In(05) vmx DICT     ethernet1.addresstype = "generated"
2023-11-19T22:01:26.092Z In(05) vmx DICT  ethernet1.connectiontype = "hostonly"
2023-11-19T22:01:26.092Z In(05) vmx DICT         ethernet1.present = "TRUE"
2023-11-19T22:01:26.092Z In(05) vmx DICT      ethernet1.virtualdev = "e1000e"
2023-11-19T22:01:26.092Z In(05) vmx DICT        extendedconfigfile = "ubuntu-18.04-amd64.vmxf"
2023-11-19T22:01:26.092Z In(05) vmx DICT            filesearchpath = ".;/Users/bensathis/.vagrant.d/boxes/hashicorp-VAGRANTSLASH-bionic64/1.0.282/vmware_desktop"
2023-11-19T22:01:26.092Z In(05) vmx DICT           floppy0.present = "FALSE"
2023-11-19T22:01:26.092Z In(05) vmx DICT                   guestos = "ubuntu-64"
2023-11-19T22:01:26.092Z In(05) vmx DICT   gui.fullscreenatpoweron = "FALSE"
2023-11-19T22:01:26.092Z In(05) vmx DICT     gui.viewmodeatpoweron = "windowed"
2023-11-19T22:01:26.092Z In(05) vmx DICT        hgfs.linkrootshare = "TRUE"
2023-11-19T22:01:26.092Z In(05) vmx DICT         hgfs.maprootshare = "TRUE"
2023-11-19T22:01:26.092Z In(05) vmx DICT       ide0:0.clientdevice = "TRUE"
2023-11-19T22:01:26.092Z In(05) vmx DICT         ide0:0.devicetype = "cdrom-raw"
2023-11-19T22:01:26.092Z In(05) vmx DICT           ide0:0.filename = "auto detect"
2023-11-19T22:01:26.092Z In(05) vmx DICT            ide0:0.present = "TRUE"
2023-11-19T22:01:26.092Z In(05) vmx DICT isolation.tools.hgfs.disable = "FALSE"
2023-11-19T22:01:26.092Z In(05) vmx DICT                   memsize = "1024"
2023-11-19T22:01:26.092Z In(05) vmx DICT    monitor.phys_bits_used = "40"
2023-11-19T22:01:26.092Z In(05) vmx DICT            msg.autoanswer = "true"
2023-11-19T22:01:26.092Z In(05) vmx DICT      numa.autosize.cookie = "10001"
2023-11-19T22:01:26.092Z In(05) vmx DICT numa.autosize.vcpu.maxpervirtualnode = "1"
2023-11-19T22:01:26.092Z In(05) vmx DICT                  numvcpus = "1"
2023-11-19T22:01:26.092Z In(05) vmx DICT             nvme0.present = "FALSE"
2023-11-19T22:01:26.092Z In(05) vmx DICT                     nvram = "ubuntu-18.04-amd64.nvram"
2023-11-19T22:01:26.092Z In(05) vmx DICT      parallel0.autodetect = "FALSE"
2023-11-19T22:01:26.092Z In(05) vmx DICT   parallel0.bidirectional = ""
2023-11-19T22:01:26.092Z In(05) vmx DICT        parallel0.filename = ""
2023-11-19T22:01:26.092Z In(05) vmx DICT         parallel0.present = "FALSE"
2023-11-19T22:01:26.092Z In(05) vmx DICT  parallel0.startconnected = "FALSE"
2023-11-19T22:01:26.092Z In(05) vmx DICT  pcibridge0.pcislotnumber = "17"
2023-11-19T22:01:26.092Z In(05) vmx DICT        pcibridge0.present = "TRUE"
2023-11-19T22:01:26.092Z In(05) vmx DICT      pcibridge4.functions = "8"
2023-11-19T22:01:26.092Z In(05) vmx DICT  pcibridge4.pcislotnumber = "21"
2023-11-19T22:01:26.092Z In(05) vmx DICT        pcibridge4.present = "TRUE"
2023-11-19T22:01:26.092Z In(05) vmx DICT     pcibridge4.virtualdev = "pcieRootPort"
2023-11-19T22:01:26.092Z In(05) vmx DICT      pcibridge5.functions = "8"
2023-11-19T22:01:26.092Z In(05) vmx DICT  pcibridge5.pcislotnumber = "22"
2023-11-19T22:01:26.092Z In(05) vmx DICT        pcibridge5.present = "TRUE"
2023-11-19T22:01:26.092Z In(05) vmx DICT     pcibridge5.virtualdev = "pcieRootPort"
2023-11-19T22:01:26.092Z In(05) vmx DICT      pcibridge6.functions = "8"
2023-11-19T22:01:26.092Z In(05) vmx DICT  pcibridge6.pcislotnumber = "23"
2023-11-19T22:01:26.092Z In(05) vmx DICT        pcibridge6.present = "TRUE"
2023-11-19T22:01:26.092Z In(05) vmx DICT     pcibridge6.virtualdev = "pcieRootPort"
2023-11-19T22:01:26.092Z In(05) vmx DICT      pcibridge7.functions = "8"
2023-11-19T22:01:26.092Z In(05) vmx DICT  pcibridge7.pcislotnumber = "24"
2023-11-19T22:01:26.092Z In(05) vmx DICT        pcibridge7.present = "TRUE"
2023-11-19T22:01:26.092Z In(05) vmx DICT     pcibridge7.virtualdev = "pcieRootPort"
2023-11-19T22:01:26.092Z In(05) vmx DICT          policy.vm.mvmtid = ""
2023-11-19T22:01:26.092Z In(05) vmx DICT        powertype.poweroff = "soft"
2023-11-19T22:01:26.092Z In(05) vmx DICT         powertype.poweron = "soft"
2023-11-19T22:01:26.092Z In(05) vmx DICT           powertype.reset = "soft"
2023-11-19T22:01:26.092Z In(05) vmx DICT         powertype.suspend = "soft"
2023-11-19T22:01:26.092Z In(05) vmx DICT   proxyapps.publishtohost = "FALSE"
2023-11-19T22:01:26.092Z In(05) vmx DICT remotedisplay.vnc.enabled = "FALSE"
2023-11-19T22:01:26.092Z In(05) vmx DICT      remotedisplay.vnc.ip = "127.0.0.1"
2023-11-19T22:01:26.092Z In(05) vmx DICT     remotedisplay.vnc.key = <not printed>
2023-11-19T22:01:26.092Z In(05) vmx DICT remotedisplay.vnc.password = "HhVwB030"
2023-11-19T22:01:26.092Z In(05) vmx DICT    remotedisplay.vnc.port = "5923"
2023-11-19T22:01:26.092Z In(05) vmx DICT           replay.filename = ""
2023-11-19T22:01:26.092Z In(05) vmx DICT          replay.supported = "FALSE"
2023-11-19T22:01:26.092Z In(05) vmx DICT             sata0.present = "FALSE"
2023-11-19T22:01:26.092Z In(05) vmx DICT       scsi0.pcislotnumber = "16"
2023-11-19T22:01:26.092Z In(05) vmx DICT             scsi0.present = "TRUE"
2023-11-19T22:01:26.092Z In(05) vmx DICT          scsi0.virtualdev = "lsilogic"
2023-11-19T22:01:26.092Z In(05) vmx DICT          scsi0:0.filename = "disk-cl1.vmdk"
2023-11-19T22:01:26.092Z In(05) vmx DICT           scsi0:0.present = "TRUE"
2023-11-19T22:01:26.092Z In(05) vmx DICT              scsi0:0.redo = ""
2023-11-19T22:01:26.092Z In(05) vmx DICT        serial0.autodetect = "FALSE"
2023-11-19T22:01:26.092Z In(05) vmx DICT          serial0.filename = ""
2023-11-19T22:01:26.092Z In(05) vmx DICT          serial0.filetype = ""
2023-11-19T22:01:26.092Z In(05) vmx DICT     serial0.pipe.endpoint = ""
2023-11-19T22:01:26.092Z In(05) vmx DICT           serial0.present = "FALSE"
2023-11-19T22:01:26.092Z In(05) vmx DICT    serial0.startconnected = "FALSE"
2023-11-19T22:01:26.092Z In(05) vmx DICT       serial0.trynorxloss = ""
2023-11-19T22:01:26.092Z In(05) vmx DICT    serial0.yieldonmsrread = ""
2023-11-19T22:01:26.092Z In(05) vmx DICT       sharedfolder.maxnum = "0"
2023-11-19T22:01:26.092Z In(05) vmx DICT              softpoweroff = "TRUE"
2023-11-19T22:01:26.092Z In(05) vmx DICT          sound.autodetect = "TRUE"
2023-11-19T22:01:26.092Z In(05) vmx DICT            sound.filename = "-1"
2023-11-19T22:01:26.092Z In(05) vmx DICT             sound.present = "FALSE"
2023-11-19T22:01:26.092Z In(05) vmx DICT      sound.startconnected = "FALSE"
2023-11-19T22:01:26.092Z In(05) vmx DICT             svga.vramsize = "134217728"
2023-11-19T22:01:26.092Z In(05) vmx DICT            tools.synctime = "TRUE"
2023-11-19T22:01:26.092Z In(05) vmx DICT      tools.upgrade.policy = "upgradeAtPowerCycle"
2023-11-19T22:01:26.092Z In(05) vmx DICT         usb.pcislotnumber = "-1"
2023-11-19T22:01:26.092Z In(05) vmx DICT               usb.present = "FALSE"
2023-11-19T22:01:26.092Z In(05) vmx DICT               uuid.action = "create"
2023-11-19T22:01:26.092Z In(05) vmx DICT                 uuid.bios = ""
2023-11-19T22:01:26.092Z In(05) vmx DICT             uuid.location = ""
2023-11-19T22:01:26.092Z In(05) vmx DICT                   vc.uuid = ""
2023-11-19T22:01:26.092Z In(05) vmx DICT virtualhw.productcompatibility = "hosted"
2023-11-19T22:01:26.092Z In(05) vmx DICT         virtualhw.version = "9"
2023-11-19T22:01:26.092Z In(05) vmx DICT                  vmci0.id = "1861462627"
2023-11-19T22:01:26.092Z In(05) vmx DICT       vmci0.pcislotnumber = "35"
2023-11-19T22:01:26.092Z In(05) vmx DICT             vmci0.present = "TRUE"
2023-11-19T22:01:26.092Z In(05) vmx DICT  vmotion.checkpointfbsize = "134217728"
2023-11-19T22:01:26.092Z In(05) vmx DICT         vmxstats.filename = "ubuntu-18.04-amd64.scoreboard"
2023-11-19T22:01:26.092Z In(05) vmx DICT --- USER DEFAULTS ~/Library/Preferences/VMware Fusion/config 
2023-11-19T22:01:26.092Z In(05) vmx DICT --- HOST DEFAULTS /Library/Preferences/VMware Fusion/config 
2023-11-19T22:01:26.092Z In(05) vmx DICT --- SITE DEFAULTS /dev/null/Non-existing DEFAULT_LIBDIRECTORY/config 
2023-11-19T22:01:26.092Z In(05) vmx DICT --- GLOBAL SETTINGS /dev/null/Non-existing DEFAULT_LIBDIRECTORY/settings 
2023-11-19T22:01:26.092Z In(05) vmx VMXSTATS: Registering 1 stats: vmx.diskLibDataVmdkOpenTime
2023-11-19T22:01:26.092Z In(05) vmx VMXSTATS: Registering 2 stats: vmx.diskLibDataVmdkOpenTime
2023-11-19T22:01:26.092Z In(05) vmx VMXSTATS: Registering 3 stats: vmx.diskLibDataVmdkGrowTime
2023-11-19T22:01:26.092Z In(05) vmx VMXSTATS: Registering 4 stats: vmx.diskLibDataVmdkGrowTime
2023-11-19T22:01:26.092Z In(05) vmx VMXSTATS: Registering 5 stats: vmx.diskLibDigestVmdkOpenTime
2023-11-19T22:01:26.092Z In(05) vmx VMXSTATS: Registering 6 stats: vmx.diskLibDigestVmdkOpenTime
2023-11-19T22:01:26.092Z In(05) vmx VMXSTATS: Registering 7 stats: vmx.diskLibDigestVmdkGrowTime
2023-11-19T22:01:26.092Z In(05) vmx VMXSTATS: Registering 8 stats: vmx.diskLibDigestVmdkGrowTime
2023-11-19T22:01:26.092Z In(05) vmx VMXSTATS: Registering 9 stats: vmx.diskLibDigestFileDataGrowTime
2023-11-19T22:01:26.092Z In(05) vmx VMXSTATS: Registering 10 stats: vmx.diskLibDigestFileDataGrowTime
2023-11-19T22:01:26.092Z In(05) vmx VMXSTATS: Registering 11 stats: vmx.digestLibOpenIntTime
2023-11-19T22:01:26.092Z In(05) vmx VMXSTATS: Registering 12 stats: vmx.digestLibOpenIntTime
2023-11-19T22:01:26.092Z In(05) vmx VMXSTATS: Registering 13 stats: vmx.diskLibDataVmdkCloseTime
2023-11-19T22:01:26.092Z In(05) vmx VMXSTATS: Registering 14 stats: vmx.diskLibDataVmdkCloseTime
2023-11-19T22:01:26.092Z In(05) vmx VMXSTATS: Registering 15 stats: vmx.diskLibDigestVmdkCloseTime
2023-11-19T22:01:26.092Z In(05) vmx VMXSTATS: Registering 16 stats: vmx.diskLibDigestVmdkCloseTime
2023-11-19T22:01:26.092Z In(05) vmx VMXSTATS: Registering 17 stats: vmx.diskLibVmdkCreateTime
2023-11-19T22:01:26.092Z In(05) vmx VMXSTATS: Registering 18 stats: vmx.diskLibVmdkCreateTime
2023-11-19T22:01:26.092Z In(05) vmx VMXSTATS: Registering 19 stats: vmx.diskLibChildVmdkCreateTime
2023-11-19T22:01:26.092Z In(05) vmx VMXSTATS: Registering 20 stats: vmx.diskLibChildVmdkCreateTime
2023-11-19T22:01:26.092Z In(05) vmx VMXSTATS: Registering 21 stats: vmx.snapshotCreateTime
2023-11-19T22:01:26.092Z In(05) vmx VMXSTATS: Registering 22 stats: vmx.snapshotCreateTime
2023-11-19T22:01:26.092Z In(05) vmx VMXSTATS: Registering 23 stats: vmx.snapshotCreateQuiescedTime
2023-11-19T22:01:26.092Z In(05) vmx VMXSTATS: Registering 24 stats: vmx.snapshotCreateQuiescedTime
2023-11-19T22:01:26.092Z In(05) vmx VMXSTATS: Registering 25 stats: vmx.snapshotCreateMemoryTime
2023-11-19T22:01:26.092Z In(05) vmx VMXSTATS: Registering 26 stats: vmx.snapshotCreateMemoryTime
2023-11-19T22:01:26.092Z In(05) vmx VMXSTATS: Registering 27 stats: vmx.snapshotDeleteTime
2023-11-19T22:01:26.092Z In(05) vmx VMXSTATS: Registering 28 stats: vmx.snapshotDeleteTime
2023-11-19T22:01:26.092Z In(05) vmx VMXSTATS: Registering 29 stats: vmx.snapshotConsolidateTime
2023-11-19T22:01:26.092Z In(05) vmx VMXSTATS: Registering 30 stats: vmx.snapshotConsolidateTime
2023-11-19T22:01:26.092Z In(05) vmx VMXSTATS: Registering 31 stats: vmx.checkpointStunTime
2023-11-19T22:01:26.092Z In(05) vmx VMXSTATS: Registering 32 stats: vmx.checkpointStunTime
2023-11-19T22:01:26.092Z In(05) vmx VMXSTATS: Registering 33 stats: vmx.setPolicyTime
2023-11-19T22:01:26.092Z In(05) vmx VMXSTATS: Registering 34 stats: vmx.setPolicyTime
2023-11-19T22:01:26.092Z In(05) vmx VMXSTATS: Registering 35 stats: vmx.filtlibApplyDiskConfigTime
2023-11-19T22:01:26.092Z In(05) vmx VMXSTATS: Registering 36 stats: vmx.filtlibApplyDiskConfigTime
2023-11-19T22:01:26.092Z In(05) vmx VMXSTATS: Registering 37 stats: vmx.diskLibGetInfoTime
2023-11-19T22:01:26.092Z In(05) vmx VMXSTATS: Registering 38 stats: vmx.diskLibGetInfoTime
2023-11-19T22:01:26.092Z In(05) vmx VMXSTATS: Registering 39 stats: vmx.diskLibDigestGetInfoTime
2023-11-19T22:01:26.092Z In(05) vmx VMXSTATS: Registering 40 stats: vmx.diskLibDigestGetInfoTime
2023-11-19T22:01:26.092Z In(05) vmx Msg_Post: Error
2023-11-19T22:01:26.092Z In(05) vmx [msg.guestos.badArch] This virtual machine cannot be powered on because it requires the X86 machine architecture, which is incompatible with this Arm machine architecture host. See KB-84273.
2023-11-19T22:01:26.092Z In(05) vmx ----------------------------------------
2023-11-19T22:01:26.092Z In(05) vmx MsgIsAnswered: Using builtin default 'OK' as the answer for 'msg.guestos.badArch'
2023-11-19T22:01:26.093Z In(05) vmx Module 'GuestOS' power on failed.
2023-11-19T22:01:26.093Z In(05) vmx VMX_PowerOn: ModuleTable_PowerOn = 0
2023-11-19T22:01:26.093Z In(05) vmx VMXSTATS: Ready to cleanup and munmap 1028D0000.
2023-11-19T22:01:26.093Z In(05) vmx Vix: [mainDispatch.c:4212]: VMAutomation_ReportPowerOpFinished: statevar=0, newAppState=1870, success=1 additionalError=0
2023-11-19T22:01:26.093Z In(05) vmx Transitioned vmx/execState/val to poweredOff
2023-11-19T22:01:26.093Z In(05) vmx Vix: [mainDispatch.c:4212]: VMAutomation_ReportPowerOpFinished: statevar=0, newAppState=1870, success=0 additionalError=0
2023-11-19T22:01:26.093Z In(05) vmx Vix: [mainDispatch.c:4250]: Error VIX_E_FAIL in VMAutomation_ReportPowerOpFinished(): Unknown error
2023-11-19T22:01:26.093Z In(05) vmx Vix: [mainDispatch.c:4212]: VMAutomation_ReportPowerOpFinished: statevar=0, newAppState=1870, success=1 additionalError=0
2023-11-19T22:01:26.093Z In(05) vmx Transitioned vmx/execState/val to poweredOff
2023-11-19T22:01:26.093Z In(05) vmx WQPoolFreePoll : pollIx = 3, signalHandle = 26
2023-11-19T22:01:26.093Z In(05) vmx Services_Exit: Closed the services.
2023-11-19T22:01:26.093Z In(05) vmx Vix: [mainDispatch.c:817]: VMAutomation_LateShutdown()
2023-11-19T22:01:26.093Z In(05) vmx Vix: [mainDispatch.c:772]: VMAutomationCloseListenerSocket. Closing listener socket.
2023-11-19T22:01:26.094Z In(05) vmx Flushing VMX VMDB connections
2023-11-19T22:01:26.094Z In(05) vmx VmdbDbRemoveCnx: Removing Cnx from Db for '/db/connection/#1/'
2023-11-19T22:01:26.094Z In(05) vmx VmdbCnxDisconnect: Disconnect: closed pipe for pub cnx '/db/connection/#1/' (0)
2023-11-19T22:01:26.094Z In(05) vmx VigorTransport_ServerDestroy: server destroyed.
2023-11-19T22:01:26.094Z In(05) vmx WQPoolFreePoll : pollIx = 2, signalHandle = 14
2023-11-19T22:01:26.094Z In(05) vmx WQPoolFreePoll : pollIx = 1, signalHandle = 16
2023-11-19T22:01:26.095Z In(05) vmx VMX exit (0).
2023-11-19T22:01:26.095Z In(05) vmx OBJLIB-LIB: ObjLib cleanup done.
